\BOOKMARK [1][-]{section.1}{\376\377\000I\000n\000t\000r\000o\000d\000u\000c\000t\000i\000o\000n}{}% 1
\BOOKMARK [1][-]{section.2}{\376\377\000O\000r\000g\000a\000n\000i\000c\000\040\000T\000r\000a\000i\000n\000i\000n\000g\000\040\000T\000h\000e\000o\000r\000y}{}% 2
\BOOKMARK [2][-]{subsection.2.1}{\376\377\000F\000i\000s\000h\000e\000r\000\040\000m\000e\000t\000r\000i\000c\000\040\000a\000n\000d\000\040\000t\000h\000e\000\040\000h\000e\000a\000t\000-\000k\000e\000r\000n\000e\000l\000\040\000b\000r\000i\000d\000g\000e}{section.2}% 3
\BOOKMARK [2][-]{subsection.2.2}{\376\377\000F\000r\000o\000m\000\040\000t\000h\000e\000\040\000F\000i\000s\000h\000e\000r\000\040\000m\000e\000t\000r\000i\000c\000\040\000t\000o\000\040\000t\000h\000e\000\040\000i\000m\000p\000l\000e\000m\000e\000n\000t\000e\000d\000\040\000J\000a\000c\000o\000b\000i\000\040\000p\000r\000o\000p\000a\000g\000a\000t\000o\000r}{section.2}% 4
\BOOKMARK [1][-]{section.3}{\376\377\000G\000e\000o\000d\000e\000s\000i\000c\000\040\000T\000r\000a\000j\000e\000c\000t\000o\000r\000y\000\040\000C\000a\000c\000h\000i\000n\000g}{}% 5
\BOOKMARK [1][-]{section.4}{\376\377\000C\000o\000n\000n\000e\000c\000t\000i\000o\000n\000\040\000t\000o\000\040\000B\000l\000o\000c\000k\000\040\000A\000t\000t\000e\000n\000t\000i\000o\000n\000\040\000R\000e\000s\000i\000d\000u\000a\000l\000s}{}% 6
\BOOKMARK [1][-]{section.5}{\376\377\000F\000o\000r\000m\000a\000l\000\040\000a\000d\000d\000e\000n\000d\000u\000m\000\040\000\050\000c\000o\000n\000d\000i\000t\000i\000o\000n\000a\000l\000\051}{}% 7
\BOOKMARK [1][-]{section.6}{\376\377\000O\000p\000e\000n\000\040\000p\000r\000o\000b\000l\000e\000m\000s}{}% 8
\BOOKMARK [2][-]{subsection.6.1}{\376\377\000K\000n\000o\000w\000l\000e\000d\000g\000e\000-\000i\000n\000j\000e\000c\000t\000i\000o\000n\000\040\000c\000u\000r\000v\000a\000t\000u\000r\000e\000\040\000w\000a\000r\000p\000:\000\040\000a\000\040\000m\000e\000a\000s\000u\000r\000e\000d\000\040\000n\000e\000g\000a\000t\000i\000v\000e}{section.6}% 9
\BOOKMARK [1][-]{section.7}{\376\377\000S\000e\000t\000u\000p\000:\000\040\000f\000i\000t\000t\000i\000n\000g\000\040\000t\000h\000e\000\040\000m\000a\000n\000i\000f\000o\000l\000d\000\040\000f\000r\000o\000m\000\040\000P\000h\000a\000s\000e\000-\0001\000\040\000e\000x\000p\000o\000r\000t\000s}{}% 10
\BOOKMARK [1][-]{section.8}{\376\377\000C\000o\000v\000e\000r\000a\000g\000e\000\040\000s\000c\000a\000l\000i\000n\000g\000\040\000a\000c\000r\000o\000s\000s\000\040\000t\000h\000r\000e\000e\000\040\000m\000o\000d\000e\000l\000s}{}% 11
\BOOKMARK [1][-]{section.9}{\376\377\000B\000a\000t\000c\000h\000\040\000J\000a\000c\000o\000b\000i\000\040\000r\000e\000s\000o\000n\000a\000n\000c\000e}{}% 12
\BOOKMARK [1][-]{section.10}{\376\377\000C\000o\000m\000p\000r\000e\000s\000s\000e\000d\000\040\000r\000e\000c\000o\000r\000d\000\040\000s\000t\000o\000r\000e}{}% 13
\BOOKMARK [1][-]{section.11}{\376\377\000O\000T\000T\000\040\000r\000u\000n\000t\000i\000m\000e\000\040\000a\000n\000c\000h\000o\000r}{}% 14
\BOOKMARK [2][-]{subsection.11.1}{\376\377\000T\000h\000e\000\040\000i\000n\000s\000t\000r\000u\000c\000t\000-\000g\000r\000e\000e\000d\000y\000-\000E\000O\000S\000\040\000p\000a\000t\000h\000o\000l\000o\000g\000y}{section.11}% 15
\BOOKMARK [2][-]{subsection.11.2}{\376\377\000G\000e\000o\000m\000e\000t\000r\000y\000-\000c\000a\000c\000h\000e\000\040\000c\000o\000n\000s\000i\000s\000t\000e\000n\000c\000y\000-\000e\000q\000u\000i\000v\000a\000l\000e\000n\000c\000e}{section.11}% 16
\BOOKMARK [1][-]{section.12}{\376\377\000G\000a\000p\000\040\000a\000n\000a\000l\000y\000s\000i\000s\000\040\000v\000s\000.\000\040\000t\000h\000e\000\040\000O\000T\000T\000\040\000c\000l\000a\000i\000m\000\040\000l\000i\000s\000t}{}% 17
\BOOKMARK [1][-]{section.13}{\376\377\000W\000h\000a\000t\000\040\000i\000s\000\040\000g\000e\000n\000u\000i\000n\000e\000l\000y\000\040\000n\000e\000w\000\040\000h\000e\000r\000e}{}% 18
\BOOKMARK [1][-]{section.14}{\376\377\000R\000e\000p\000r\000o\000d\000u\000c\000t\000i\000o\000n}{}% 19
\BOOKMARK [1][-]{section.15}{\376\377\000L\000i\000m\000i\000t\000a\000t\000i\000o\000n\000s}{}% 20
\BOOKMARK [1][-]{section.16}{\376\377\000F\000u\000t\000u\000r\000e\000\040\000W\000o\000r\000k\000:\000\040\000H\000J\000B\000-\000R\000e\000g\000u\000l\000a\000r\000i\000s\000e\000d\000\040\000J\000o\000i\000n\000t\000\040\000T\000r\000a\000i\000n\000i\000n\000g}{}% 21
