\BOOKMARK [1][-]{section.1}{\376\377\000I\000n\000t\000r\000o\000d\000u\000c\000t\000i\000o\000n}{}% 1
\BOOKMARK [2][-]{subsection.1.1}{\376\377\000T\000h\000e\000\040\000H\000y\000p\000e\000r\000T\000e\000n\000s\000o\000r\000\040\000s\000o\000l\000u\000t\000i\000o\000n}{section.1}% 2
\BOOKMARK [2][-]{subsection.1.2}{\376\377\000W\000h\000a\000t\000\040\000t\000h\000i\000s\000\040\000p\000a\000p\000e\000r\000\040\000c\000o\000n\000t\000r\000i\000b\000u\000t\000e\000s}{section.1}% 3
\BOOKMARK [1][-]{section.2}{\376\377\000S\000u\000b\000s\000p\000a\000c\000e\000\040\000O\000v\000e\000r\000l\000a\000p\000\040\000F\000e\000a\000s\000i\000b\000i\000l\000i\000t\000y}{}% 4
\BOOKMARK [2][-]{subsection.2.1}{\376\377\000M\000e\000t\000h\000o\000d}{section.2}% 5
\BOOKMARK [2][-]{subsection.2.2}{\376\377\000R\000e\000s\000u\000l\000t\000s}{section.2}% 6
\BOOKMARK [1][-]{section.3}{\376\377\000C\000E\000C\000I\000\040\000E\000x\000p\000e\000r\000i\000m\000e\000n\000t\000:\000\040\000F\000u\000l\000l\000\040\000P\000r\000o\000t\000o\000c\000o\000l\000\040\000E\000x\000e\000c\000u\000t\000i\000o\000n}{}% 7
\BOOKMARK [2][-]{subsection.3.1}{\376\377\000P\000h\000a\000s\000e\000\040\0001\000:\000\040\000B\000a\000n\000d\000\040\000i\000d\000e\000n\000t\000i\000f\000i\000c\000a\000t\000i\000o\000n}{section.3}% 8
\BOOKMARK [2][-]{subsection.3.2}{\376\377\000P\000h\000a\000s\000e\000\040\0002\000:\000\040\000G\000e\000o\000m\000e\000t\000r\000i\000c\000\040\000e\000x\000t\000r\000a\000c\000t\000i\000o\000n}{section.3}% 9
\BOOKMARK [2][-]{subsection.3.3}{\376\377\000P\000h\000a\000s\000e\000\040\0003\000:\000\040\000G\000a\000u\000g\000e\000\040\000a\000l\000i\000g\000n\000m\000e\000n\000t}{section.3}% 10
\BOOKMARK [2][-]{subsection.3.4}{\376\377\000P\000h\000a\000s\000e\000\040\0004\000:\000\040\000C\000E\000C\000I\000\040\000s\000p\000l\000i\000c\000e\000\040\000a\000n\000d\000\040\000r\000e\000s\000i\000d\000u\000a\000l\000\040\000m\000e\000a\000s\000u\000r\000e\000m\000e\000n\000t}{section.3}% 11
\BOOKMARK [2][-]{subsection.3.5}{\376\377\000P\000h\000a\000s\000e\000\040\0005\000:\000\040\000C\000o\000h\000e\000r\000e\000n\000c\000e\000\040\000e\000v\000a\000l\000u\000a\000t\000i\000o\000n}{section.3}% 12
\BOOKMARK [2][-]{subsection.3.6}{\376\377\000C\000E\000C\000I\000\040\000f\000e\000a\000s\000i\000b\000i\000l\000i\000t\000y\000\040\000m\000a\000p}{section.3}% 13
\BOOKMARK [1][-]{section.4}{\376\377\000C\000E\000C\000I\000\040\000P\000r\000o\000t\000o\000c\000o\000l\000\040\000S\000p\000e\000c\000i\000f\000i\000c\000a\000t\000i\000o\000n}{}% 14
\BOOKMARK [2][-]{subsection.4.1}{\376\377\000P\000r\000e\000r\000e\000q\000u\000i\000s\000i\000t\000e\000s}{section.4}% 15
\BOOKMARK [2][-]{subsection.4.2}{\376\377\000S\000t\000e\000p\000\040\0001\000:\000\040\000P\000h\000a\000s\000e\000-\000b\000a\000n\000d\000\040\000i\000d\000e\000n\000t\000i\000f\000i\000c\000a\000t\000i\000o\000n}{section.4}% 16
\BOOKMARK [2][-]{subsection.4.3}{\376\377\000S\000t\000e\000p\000\040\0002\000:\000\040\000P\000e\000r\000-\000b\000a\000n\000d\000\040\000A\000x\000i\000o\000m\000\040\000G\000a\000u\000g\000e\000\040\000a\000l\000i\000g\000n\000m\000e\000n\000t}{section.4}% 17
\BOOKMARK [2][-]{subsection.4.4}{\376\377\000S\000t\000e\000p\000\040\0003\000:\000\040\000I\000n\000t\000r\000i\000n\000s\000i\000c\000\040\000s\000u\000b\000s\000p\000a\000c\000e\000\040\000p\000r\000o\000j\000e\000c\000t\000i\000o\000n}{section.4}% 18
\BOOKMARK [2][-]{subsection.4.5}{\376\377\000S\000t\000e\000p\000\040\0004\000:\000\040\000S\000i\000n\000k\000-\000c\000h\000a\000n\000n\000e\000l\000\040\000e\000x\000e\000m\000p\000t\000i\000o\000n}{section.4}% 19
\BOOKMARK [2][-]{subsection.4.6}{\376\377\000S\000t\000e\000p\000\040\0005\000:\000\040\000S\000k\000i\000l\000l\000-\000g\000e\000o\000m\000e\000t\000r\000y\000\040\000e\000x\000t\000r\000a\000c\000t\000i\000o\000n\000\040\000a\000n\000d\000\040\000i\000n\000j\000e\000c\000t\000i\000o\000n}{section.4}% 20
\BOOKMARK [2][-]{subsection.4.7}{\376\377\000S\000t\000e\000p\000\040\0006\000:\000\040\000M\000e\000r\000g\000e\000\040\000a\000n\000d\000\040\000s\000h\000i\000p}{section.4}% 21
\BOOKMARK [2][-]{subsection.4.8}{\376\377\000V\000a\000l\000i\000d\000a\000t\000i\000o\000n\000\040\000p\000l\000a\000n}{section.4}% 22
\BOOKMARK [1][-]{section.5}{\376\377\000E\000m\000p\000i\000r\000i\000c\000a\000l\000\040\000P\000r\000e\000l\000i\000m\000i\000n\000a\000r\000i\000e\000s}{}% 23
\BOOKMARK [2][-]{subsection.5.1}{\376\377\000S\000u\000b\000s\000p\000a\000c\000e\000\040\000o\000v\000e\000r\000l\000a\000p\000\040\000\050\000S\000m\000o\000l\000L\000M\0002\000-\0001\0003\0005\000M\000\051}{section.5}% 24
\BOOKMARK [2][-]{subsection.5.2}{\376\377\000G\000a\000u\000g\000e\000\040\000a\000l\000i\000g\000n\000m\000e\000n\000t\000\040\000e\000f\000f\000i\000c\000a\000c\000y\000\040\000\050\000m\000e\000a\000s\000u\000r\000e\000d\000\051}{section.5}% 25
\BOOKMARK [2][-]{subsection.5.3}{\376\377\000F\000F\000N\000\040\000e\000x\000t\000r\000a\000c\000t\000a\000b\000i\000l\000i\000t\000y\000\040\000\050\000m\000e\000a\000s\000u\000r\000e\000d\000\051}{section.5}% 26
\BOOKMARK [2][-]{subsection.5.4}{\376\377\000S\000p\000l\000i\000c\000e\000\040\000r\000e\000s\000i\000d\000u\000a\000l\000\040\000a\000n\000d\000\040\000L\000o\000R\000A\000\040\000c\000a\000p\000a\000c\000i\000t\000y\000\040\000\050\000m\000e\000a\000s\000u\000r\000e\000d\000\051}{section.5}% 27
\BOOKMARK [2][-]{subsection.5.5}{\376\377\000P\000e\000r\000-\000m\000a\000t\000r\000i\000x\000\040\000e\000r\000r\000o\000r\000\040\000r\000e\000d\000u\000c\000t\000i\000o\000n\000\040\000o\000n\000\040\000L\000l\000a\000m\000a\000-\0008\000B\000\040\000\050\000E\000C\0002\000/\000L\0004\0000\000S\000\051}{section.5}% 28
\BOOKMARK [1][-]{section.6}{\376\377\000D\000i\000s\000c\000u\000s\000s\000i\000o\000n}{}% 29
\BOOKMARK [2][-]{subsection.6.1}{\376\377\000W\000h\000y\000\040\000g\000l\000o\000b\000a\000l\000\040\000g\000a\000u\000g\000e\000\040\000f\000a\000i\000l\000s}{section.6}% 30
\BOOKMARK [2][-]{subsection.6.2}{\376\377\000T\000h\000e\000\040\000k\000-\000s\000p\000a\000c\000e\000\040\000a\000d\000v\000a\000n\000t\000a\000g\000e}{section.6}% 31
\BOOKMARK [2][-]{subsection.6.3}{\376\377\000T\000h\000e\000\040\000F\000F\000N\000\040\000q\000u\000e\000s\000t\000i\000o\000n}{section.6}% 32
\BOOKMARK [2][-]{subsection.6.4}{\376\377\000W\000h\000a\000t\000\040\000t\000h\000i\000s\000\040\000e\000x\000p\000e\000r\000i\000m\000e\000n\000t\000\040\000w\000o\000u\000l\000d\000\040\000p\000r\000o\000v\000e}{section.6}% 33
\BOOKMARK [1][-]{section.7}{\376\377\000C\000r\000o\000s\000s\000-\000M\000o\000d\000e\000l\000\040\000C\000E\000C\000I\000:\000\040\000C\000O\000N\000F\000I\000R\000M\000E\000D\000\040\000a\000t\000\040\000k\000=\0005\0001\0002\000\040\000\050\000E\000x\000p\000\040\000J\0002\000\051}{}% 34
\BOOKMARK [2][-]{subsection.7.1}{\376\377\000C\000E\000C\000I\000\040\000a\000t\000\040\000S\000c\000a\000l\000e\000:\000\040\000Q\000w\000e\000n\0002\000.\0005\000-\0001\000.\0005\000B\000\040\000\050\000E\000x\000p\000\040\000J\0004\000\051}{section.7}% 35
\BOOKMARK [2][-]{subsection.7.2}{\376\377\000M\000I\000N\000S\000K\000A\000T\000:\000\040\000F\000i\000r\000s\000t\000\040\000F\000u\000n\000c\000t\000i\000o\000n\000a\000l\000\040\000C\000E\000C\000I\000\040\000C\000h\000i\000m\000e\000r\000a\000\040\000\050\000M\000e\000a\000s\000u\000r\000e\000d\000\040\0002\0000\0002\0006\000-\0000\0005\000-\0000\0002\000\051}{section.7}% 36
\BOOKMARK [1][-]{section.8}{\376\377\000L\000i\000m\000i\000t\000a\000t\000i\000o\000n\000s}{}% 37
\BOOKMARK [1][-]{section.9}{\376\377\000R\000e\000p\000r\000o\000d\000u\000c\000t\000i\000o\000n}{}% 38
