\BOOKMARK [1][-]{section*.4}{\376\377\000G\000l\000o\000s\000s\000a\000r\000y}{}% 1
\BOOKMARK [1][-]{section.1}{\376\377\000T\000h\000e\000\040\000J\000u\000r\000y\000\040\000P\000r\000i\000n\000c\000i\000p\000l\000e\000\040\040\024\000\040\000W\000h\000a\000t\000\040\000I\000t\000\040\000I\000s\000\040\000a\000n\000d\000\040\000W\000h\000y\000\040\000I\000t\000\040\000W\000o\000r\000k\000s}{}% 2
\BOOKMARK [2][-]{subsection.1.1}{\376\377\000T\000h\000e\000\040\000B\000i\000g\000\040\000P\000i\000c\000t\000u\000r\000e\000:\000\040\000A\000\040\000J\000u\000r\000y\000\040\000o\000f\000\040\000G\000e\000o\000m\000e\000t\000r\000i\000c\000\040\000E\000x\000p\000e\000r\000t\000s}{section.1}% 3
\BOOKMARK [2][-]{subsection.1.2}{\376\377\000T\000h\000e\000\040\000S\000e\000t\000u\000p\000:\000\040\000P\000o\000i\000n\000t\000s\000\040\000o\000n\000\040\000a\000\040\000C\000u\000r\000v\000e\000d\000\040\000S\000u\000r\000f\000a\000c\000e}{section.1}% 4
\BOOKMARK [2][-]{subsection.1.3}{\376\377\000F\000o\000r\000m\000a\000l\000\040\000D\000e\000f\000i\000n\000i\000t\000i\000o\000n\000s}{section.1}% 5
\BOOKMARK [2][-]{subsection.1.4}{\376\377\000T\000h\000e\000\040\000J\000u\000r\000y\000\040\000A\000g\000g\000r\000e\000g\000a\000t\000i\000o\000n\000\040\000F\000o\000r\000m\000u\000l\000a\000\040\040\024\000\040\000C\000o\000m\000b\000i\000n\000i\000n\000g\000\040\000E\000x\000p\000e\000r\000t\000\040\000O\000p\000i\000n\000i\000o\000n\000s}{section.1}% 6
\BOOKMARK [2][-]{subsection.1.5}{\376\377\000T\000h\000e\000\040\000I\000n\000s\000t\000i\000n\000c\000t\000\040\000H\000o\000r\000i\000z\000o\000n\000\040\040\024\000\040\000H\000o\000w\000\040\000F\000a\000r\000\040\000C\000a\000n\000\040\000t\000h\000e\000\040\000J\000u\000r\000y\000\040\000S\000e\000e\000?}{section.1}% 7
\BOOKMARK [2][-]{subsection.1.6}{\376\377\000C\000o\000n\000v\000e\000r\000g\000e\000n\000c\000e\000\040\000R\000a\000t\000e\000\040\040\024\000\040\000M\000o\000r\000e\000\040\000T\000r\000a\000j\000e\000c\000t\000o\000r\000i\000e\000s\000,\000\040\000B\000e\000t\000t\000e\000r\000\040\000A\000n\000s\000w\000e\000r\000s}{section.1}% 8
\BOOKMARK [1][-]{section.2}{\376\377\000C\000o\000n\000t\000r\000a\000s\000t\000i\000v\000e\000\040\000R\000o\000u\000t\000i\000n\000g\000:\000\040\000W\000h\000y\000\040\000A\000v\000e\000r\000a\000g\000i\000n\000g\000\040\000F\000a\000i\000l\000s}{}% 9
\BOOKMARK [2][-]{subsection.2.1}{\376\377\000W\000h\000y\000\040\000C\000e\000n\000t\000r\000o\000i\000d\000s\000\040\000O\000v\000e\000r\000l\000a\000p}{section.2}% 10
\BOOKMARK [2][-]{subsection.2.2}{\376\377\000W\000h\000y\000\040\000C\000o\000m\000p\000a\000r\000i\000n\000g\000\040\000t\000o\000\040\000I\000n\000d\000i\000v\000i\000d\000u\000a\000l\000\040\000P\000o\000i\000n\000t\000s\000\040\000W\000o\000r\000k\000s}{section.2}% 11
\BOOKMARK [1][-]{section.3}{\376\377\000E\000n\000s\000e\000m\000b\000l\000e\000\040\000a\000n\000d\000\040\000R\000e\000g\000r\000e\000s\000s\000i\000o\000n}{}% 12
\BOOKMARK [2][-]{subsection.3.1}{\376\377\000W\000h\000y\000\040\000U\000s\000e\000\040\000T\000h\000r\000e\000e\000\040\000T\000e\000m\000p\000e\000r\000a\000t\000u\000r\000e\000s\000?}{section.3}% 13
\BOOKMARK [2][-]{subsection.3.2}{\376\377\000R\000e\000g\000r\000e\000s\000s\000i\000o\000n\000:\000\040\000P\000r\000e\000d\000i\000c\000t\000i\000n\000g\000\040\000N\000u\000m\000b\000e\000r\000s\000,\000\040\000N\000o\000t\000\040\000J\000u\000s\000t\000\040\000C\000a\000t\000e\000g\000o\000r\000i\000e\000s}{section.3}% 14
\BOOKMARK [1][-]{section.4}{\376\377\000W\000h\000y\000\040\000t\000h\000e\000\040\000J\000u\000r\000y\000\040\000W\000o\000r\000k\000s\000:\000\040\000I\000n\000f\000o\000r\000m\000a\000t\000i\000o\000n\000\040\000a\000n\000d\000\040\000S\000a\000m\000p\000l\000e\000\040\000S\000i\000z\000e}{}% 15
\BOOKMARK [2][-]{subsection.4.1}{\376\377\000T\000h\000e\000\040\000I\000n\000f\000o\000r\000m\000a\000t\000i\000o\000n\000\040\000P\000e\000r\000s\000p\000e\000c\000t\000i\000v\000e}{section.4}% 16
\BOOKMARK [2][-]{subsection.4.2}{\376\377\000H\000o\000w\000\040\000M\000a\000n\000y\000\040\000T\000r\000a\000j\000e\000c\000t\000o\000r\000i\000e\000s\000\040\000D\000o\000\040\000Y\000o\000u\000\040\000N\000e\000e\000d\000?}{section.4}% 17
\BOOKMARK [1][-]{section.5}{\376\377\000C\000o\000m\000p\000u\000t\000a\000t\000i\000o\000n\000a\000l\000\040\000V\000e\000r\000i\000f\000i\000c\000a\000t\000i\000o\000n}{}% 18
\BOOKMARK [2][-]{subsection.5.1}{\376\377\000V\000e\000r\000i\000f\000i\000c\000a\000t\000i\000o\000n\000\040\000M\000e\000t\000h\000o\000d\000o\000l\000o\000g\000y}{section.5}% 19
\BOOKMARK [2][-]{subsection.5.2}{\376\377\000V\000e\000r\000i\000f\000i\000c\000a\000t\000i\000o\000n\000\040\000S\000c\000r\000i\000p\000t\000s}{section.5}% 20
\BOOKMARK [2][-]{subsection.5.3}{\376\377\000M\000e\000a\000s\000u\000r\000e\000m\000e\000n\000t\000\040\000D\000a\000t\000a\000b\000a\000s\000e}{section.5}% 21
\BOOKMARK [1][-]{section.6}{\376\377\000C\000o\000n\000c\000l\000u\000s\000i\000o\000n}{}% 22
\BOOKMARK [1][-]{section.7}{\376\377\000P\000a\000p\000e\000r\000\040\000I\000:\000\040\000G\000R\000C\000\040\000A\000t\000t\000e\000n\000t\000i\000o\000n\000\040\000C\000o\000m\000p\000r\000e\000s\000s\000i\000o\000n}{}% 23
\BOOKMARK [1][-]{section.8}{\376\377\000I\000n\000t\000r\000o\000d\000u\000c\000t\000i\000o\000n}{}% 24
\BOOKMARK [2][-]{subsection.8.1}{\376\377\000W\000h\000y\000\040\000C\000o\000m\000p\000r\000e\000s\000s\000i\000o\000n\000\040\000M\000a\000t\000t\000e\000r\000s}{section.8}% 25
\BOOKMARK [2][-]{subsection.8.2}{\376\377\000W\000h\000a\000t\000\040\000W\000e\000\040\000D\000i\000d}{section.8}% 26
\BOOKMARK [2][-]{subsection.8.3}{\376\377\000T\000h\000e\000\040\000B\000i\000g\000g\000e\000r\000\040\000P\000i\000c\000t\000u\000r\000e}{section.8}% 27
\BOOKMARK [2][-]{subsection.8.4}{\376\377\000W\000h\000y\000\040\000T\000h\000i\000s\000\040\000W\000o\000r\000k\000s\000\040\000A\000c\000r\000o\000s\000s\000\040\000D\000i\000f\000f\000e\000r\000e\000n\000t\000\040\000M\000o\000d\000e\000l\000\040\000S\000i\000z\000e\000s}{section.8}% 28
\BOOKMARK [1][-]{section.9}{\376\377\000B\000a\000c\000k\000g\000r\000o\000u\000n\000d\000\040\000a\000n\000d\000\040\000R\000e\000l\000a\000t\000e\000d\000\040\000W\000o\000r\000k}{}% 29
\BOOKMARK [1][-]{section.10}{\376\377\000M\000e\000t\000h\000o\000d\000:\000\040\000G\000e\000o\000m\000e\000t\000r\000i\000c\000\040\000R\000a\000n\000k\000\040\000C\000o\000m\000p\000r\000e\000s\000s\000i\000o\000n\000\040\000\050\000G\000R\000C\000\051}{}% 30
\BOOKMARK [2][-]{subsection.10.1}{\376\377\000C\000o\000n\000s\000t\000r\000u\000c\000t\000i\000o\000n}{section.10}% 31
\BOOKMARK [2][-]{subsection.10.2}{\376\377\000P\000r\000o\000p\000e\000r\000t\000i\000e\000s}{section.10}% 32
\BOOKMARK [1][-]{section.11}{\376\377\000E\000x\000p\000e\000r\000i\000m\000e\000n\000t\000a\000l\000\040\000S\000e\000t\000u\000p}{}% 33
\BOOKMARK [1][-]{section.12}{\376\377\000R\000e\000s\000u\000l\000t\000s}{}% 34
\BOOKMARK [1][-]{section.13}{\376\377\000C\000a\000c\000h\000e\000-\000F\000i\000t\000\040\000H\000y\000p\000o\000t\000h\000e\000s\000i\000s}{}% 35
\BOOKMARK [2][-]{subsection.13.1}{\376\377\000R\000o\000o\000f\000l\000i\000n\000e\000\040\000f\000o\000r\000m\000a\000l\000i\000s\000a\000t\000i\000o\000n}{section.13}% 36
\BOOKMARK [2][-]{subsection.13.2}{\376\377\000D\000i\000r\000e\000c\000t\000\040\000L\0002\000\040\000t\000r\000a\000c\000e\000\040\000o\000n\000\040\000R\000T\000X\000\040\0004\0000\0007\0000\000\040\000L\000a\000p\000t\000o\000p}{section.13}% 37
\BOOKMARK [3][-]{subsubsection.13.2.1}{\376\377\000M\000u\000l\000t\000i\000-\000k\000\040\000r\000e\000p\000l\000i\000c\000a\000t\000e\000d\000\040\000N\000C\000U\000\040\000s\000w\000e\000e\000p\000\040\000\050\000P\0001\000\051}{subsection.13.2}% 38
\BOOKMARK [2][-]{subsection.13.3}{\376\377\000W\000h\000a\000t\000\040\000w\000o\000u\000l\000d\000\040\000c\000o\000n\000s\000t\000i\000t\000u\000t\000e\000\040\000d\000e\000f\000i\000n\000i\000t\000i\000v\000e\000\040\000p\000r\000o\000o\000f\000\040\000o\000f\000\040\000L\0002\000\040\000c\000a\000u\000s\000a\000t\000i\000o\000n}{section.13}% 39
\BOOKMARK [2][-]{subsection.13.4}{\376\377\000F\000u\000l\000l\000\040\000w\000o\000r\000k\000i\000n\000g\000-\000s\000e\000t\000\040\000d\000e\000r\000i\000v\000a\000t\000i\000o\000n}{section.13}% 40
\BOOKMARK [2][-]{subsection.13.5}{\376\377\000S\000p\000e\000c\000t\000r\000a\000l\000\040\000e\000v\000i\000d\000e\000n\000c\000e\000\040\000f\000o\000r\000\040\000c\000o\000m\000p\000r\000e\000s\000s\000i\000n\000g\000\040\000a\000t\000t\000e\000n\000t\000i\000o\000n\000\040\000o\000n\000l\000y}{section.13}% 41
\BOOKMARK [1][-]{section.14}{\376\377\000S\000t\000a\000t\000i\000s\000t\000i\000c\000a\000l\000\040\000S\000i\000g\000n\000i\000f\000i\000c\000a\000n\000c\000e}{}% 42
\BOOKMARK [1][-]{section.15}{\376\377\000T\000h\000e\000o\000r\000e\000t\000i\000c\000a\000l\000\040\000B\000o\000u\000n\000d\000:\000\040\000E\000c\000k\000a\000r\000t\040\023\000Y\000o\000u\000n\000g\000\040\000v\000s\000.\000\040\000S\000h\000a\000r\000e\000d\000\040\000B\000a\000s\000i\000s}{}% 43
\BOOKMARK [2][-]{subsection.15.1}{\376\377\000S\000m\000o\000l\000L\000M\0002\000-\0001\0003\0005\000M\000\040\000s\000a\000f\000e\000t\000y\000\040\000v\000a\000l\000i\000d\000a\000t\000i\000o\000n\000\040\000\050\000E\000x\000p\000\040\000A\0001\000\051}{section.15}% 44
\BOOKMARK [1][-]{section.16}{\376\377\000L\000i\000m\000i\000t\000a\000t\000i\000o\000n\000s}{}% 45
\BOOKMARK [1][-]{section.17}{\376\377\000F\000u\000t\000u\000r\000e\000\040\000W\000o\000r\000k}{}% 46
\BOOKMARK [1][-]{section.18}{\376\377\000R\000e\000p\000r\000o\000d\000u\000c\000i\000b\000i\000l\000i\000t\000y}{}% 47
\BOOKMARK [1][-]{section.19}{\376\377\000E\000x\000t\000e\000n\000d\000e\000d\000\040\000e\000m\000p\000i\000r\000i\000c\000a\000l\000\040\000d\000e\000t\000a\000i\000l}{}% 48
\BOOKMARK [2][-]{subsection.19.1}{\376\377\000H\000a\000r\000d\000w\000a\000r\000e\000,\000\040\000m\000o\000d\000e\000l\000,\000\040\000a\000n\000d\000\040\000r\000u\000n\000t\000i\000m\000e\000\040\000c\000o\000n\000f\000i\000g\000u\000r\000a\000t\000i\000o\000n}{section.19}% 49
\BOOKMARK [2][-]{subsection.19.2}{\376\377\000S\000t\000o\000r\000a\000g\000e\000\040\000f\000o\000o\000t\000p\000r\000i\000n\000t}{section.19}% 50
\BOOKMARK [2][-]{subsection.19.3}{\376\377\000V\000R\000A\000M\000\040\000p\000r\000o\000f\000i\000l\000e}{section.19}% 51
\BOOKMARK [2][-]{subsection.19.4}{\376\377\000P\000o\000w\000e\000r\000\040\000d\000r\000a\000w}{section.19}% 52
\BOOKMARK [2][-]{subsection.19.5}{\376\377\000F\000u\000l\000l\000\040\000s\000p\000e\000c\000t\000r\000a\000l\000\040\000a\000n\000a\000l\000y\000s\000i\000s\000\040\000\050\000r\000a\000n\000k\000\040\000r\000e\000q\000u\000i\000r\000e\000d\000\040\000f\000o\000r\000\040\0009\0005\000\045\000\040\000e\000n\000e\000r\000g\000y\000\051}{section.19}% 53
\BOOKMARK [2][-]{subsection.19.6}{\376\377\000C\000o\000n\000f\000i\000d\000e\000n\000c\000e\000-\000i\000n\000t\000e\000r\000v\000a\000l\000\040\000p\000a\000c\000k\000\040\000\050\0001\0002\000-\000r\000e\000p\000\051}{section.19}% 54
\BOOKMARK [2][-]{subsection.19.7}{\376\377\000G\000r\000a\000n\000u\000l\000a\000r\000\040\000r\000a\000n\000k\000-\000P\000a\000r\000e\000t\000o\000\040\000s\000w\000e\000e\000p}{section.19}% 55
\BOOKMARK [2][-]{subsection.19.8}{\376\377\000D\000e\000c\000o\000d\000e\000-\000l\000e\000n\000g\000t\000h\000\040\000s\000e\000n\000s\000i\000t\000i\000v\000i\000t\000y}{section.19}% 56
\BOOKMARK [2][-]{subsection.19.9}{\376\377\000C\000o\000n\000t\000e\000x\000t\000-\000l\000e\000n\000g\000t\000h\000\040\000s\000w\000e\000e\000p}{section.19}% 57
\BOOKMARK [2][-]{subsection.19.10}{\376\377\000C\000r\000o\000s\000s\000-\000m\000o\000d\000e\000l\000\040\000t\000r\000a\000n\000s\000f\000e\000r\000\040\000t\000o\000\040\000S\000m\000o\000l\000L\000M\0002\000-\0001\0003\0005\000M}{section.19}% 58
\BOOKMARK [2][-]{subsection.19.11}{\376\377\000V\000a\000l\000i\000d\000a\000t\000i\000o\000n\000-\000g\000a\000t\000e\000\040\000s\000u\000m\000m\000a\000r\000y}{section.19}% 59
\BOOKMARK [2][-]{subsection.19.12}{\376\377\000P\000r\000a\000c\000t\000i\000c\000a\000l\000\040\000i\000m\000p\000l\000i\000c\000a\000t\000i\000o\000n}{section.19}% 60
\BOOKMARK [2][-]{subsection.19.13}{\376\377\000U\000p\000d\000a\000t\000e\000d\000\040\000E\000v\000i\000d\000e\000n\000c\000e\000\040\000\050\000M\000a\000y\000\040\0002\0000\0002\0006\000\051}{section.19}% 61
\BOOKMARK [1][-]{section.20}{\376\377\000P\000a\000p\000e\000r\000\040\000I\000I\000:\000\040\000G\000e\000o\000d\000e\000s\000i\000c\000\040\000P\000r\000o\000j\000e\000c\000t\000i\000o\000n\000\040\000P\000i\000p\000e\000l\000i\000n\000e}{}% 62
\BOOKMARK [1][-]{section.21}{\376\377\000I\000n\000t\000r\000o\000d\000u\000c\000t\000i\000o\000n}{}% 63
\BOOKMARK [2][-]{subsection.21.1}{\376\377\000W\000h\000a\000t\000\040\000G\000e\000t\000s\000\040\000C\000o\000m\000p\000r\000e\000s\000s\000e\000d}{section.21}% 64
\BOOKMARK [2][-]{subsection.21.2}{\376\377\000H\000o\000w\000\040\000M\000u\000c\000h\000\040\000C\000o\000m\000p\000r\000e\000s\000s\000i\000o\000n\000\040\000P\000e\000r\000\040\000M\000a\000t\000r\000i\000x\000?}{section.21}% 65
\BOOKMARK [2][-]{subsection.21.3}{\376\377\000S\000c\000o\000p\000e\000\040\000o\000f\000\040\000t\000h\000i\000s\000\040\000r\000e\000v\000i\000s\000i\000o\000n}{section.21}% 66
\BOOKMARK [2][-]{subsection.21.4}{\376\377\000S\000t\000a\000t\000u\000s\000\040\000o\000f\000\040\000t\000h\000e\000\040\000f\000o\000u\000r\000\040\000a\000d\000a\000p\000t\000i\000v\000e\000\040\000m\000e\000c\000h\000a\000n\000i\000s\000m\000s}{section.21}% 67
\BOOKMARK [1][-]{section.22}{\376\377\000C\000r\000o\000s\000s\000-\000A\000r\000c\000h\000i\000t\000e\000c\000t\000u\000r\000e\000\040\000M\000a\000n\000i\000f\000o\000l\000d\000\040\000E\000v\000i\000d\000e\000n\000c\000e}{}% 68
\BOOKMARK [1][-]{section.23}{\376\377\000T\000h\000e\000\040\000S\000e\000v\000e\000n\000\040\000S\000l\000o\000t\000s\000\040\000a\000n\000d\000\040\000T\000h\000e\000i\000r\000\040\000S\000p\000e\000c\000t\000r\000a}{}% 69
\BOOKMARK [1][-]{section.24}{\376\377\000P\000e\000r\000-\000L\000a\000y\000e\000r\000\040\000R\000a\000n\000k\000\040\000S\000e\000l\000e\000c\000t\000i\000o\000n\000\040\000\050\000M\000C\000R\000\051}{}% 70
\BOOKMARK [2][-]{subsection.24.1}{\376\377\000S\000i\000n\000k\000-\000B\000a\000s\000i\000s\000\040\000B\000y\000p\000a\000s\000s}{section.24}% 71
\BOOKMARK [1][-]{section.25}{\376\377\000G\000e\000o\000m\000e\000t\000r\000y\000\040\000C\000a\000c\000h\000e\000\040\000a\000n\000d\000\040\000D\000e\000p\000t\000h\000-\000S\000i\000n\000k\000\040\000S\000h\000o\000r\000t\000c\000u\000t}{}% 72
\BOOKMARK [2][-]{subsection.25.1}{\376\377\000T\000h\000e\000\040\000T\000w\000o\000-\000T\000h\000i\000r\000d\000s\000\040\000D\000i\000m\000e\000n\000s\000i\000o\000n\000a\000l\000i\000t\000y\000\040\000S\000a\000t\000u\000r\000a\000t\000i\000o\000n\000\040\000R\000u\000l\000e}{section.25}% 73
\BOOKMARK [1][-]{section.26}{\376\377\000S\000t\000a\000t\000i\000c\000-\000G\000P\000\040\000m\000e\000a\000s\000u\000r\000e\000m\000e\000n\000t\000\040\000o\000n\000\040\000L\000l\000a\000m\000a\000-\0003\000.\0001\000-\0008\000B}{}% 74
\BOOKMARK [2][-]{subsection.26.1}{\376\377\000C\000r\000o\000s\000s\000-\000m\000o\000d\000e\000l\000\040\000l\000o\000a\000d\000\040\000a\000n\000d\000\040\000V\000R\000A\000M\000\040\000e\000f\000f\000i\000c\000i\000e\000n\000c\000y}{section.26}% 75
\BOOKMARK [1][-]{section.27}{\376\377\000M\000C\000R\000\040\000P\000h\000a\000s\000e\000-\000A\000w\000a\000r\000e\000\040\000R\000a\000n\000k\000\040\000A\000l\000l\000o\000c\000a\000t\000i\000o\000n}{}% 76
\BOOKMARK [1][-]{section.28}{\376\377\000A\000x\000i\000o\000m\000\040\000G\000a\000u\000g\000e\000:\000\040\000G\000L\000\050\000d\000\051\000\040\000G\000a\000u\000g\000e\000-\000O\000p\000t\000i\000m\000a\000l\000\040\000C\000o\000m\000p\000r\000e\000s\000s\000i\000o\000n}{}% 77
\BOOKMARK [1][-]{section.29}{\376\377\000T\000h\000e\000r\000m\000a\000l\000\040\000R\000a\000n\000k\000\040\000a\000n\000d\000\040\000T\000o\000k\000e\000n\000s\000-\000p\000e\000r\000-\000J\000o\000u\000l\000e}{}% 78
\BOOKMARK [1][-]{section.30}{\376\377\000O\000n\000l\000i\000n\000e\000\040\000B\000a\000s\000i\000s\000:\000\040\000R\000e\000j\000e\000c\000t\000i\000o\000n\000-\000D\000r\000i\000v\000e\000n\000\040\000O\000j\000a}{}% 79
\BOOKMARK [1][-]{section.31}{\376\377\000H\000o\000w\000\040\000t\000h\000e\000\040\000F\000o\000u\000r\000\040\000M\000e\000c\000h\000a\000n\000i\000s\000m\000s\000\040\000C\000o\000m\000p\000o\000s\000e}{}% 80
\BOOKMARK [1][-]{section.32}{\376\377\000L\000i\000m\000i\000t\000a\000t\000i\000o\000n\000s}{}% 81
\BOOKMARK [1][-]{section.33}{\376\377\000R\000e\000p\000r\000o\000d\000u\000c\000t\000i\000o\000n}{}% 82
\BOOKMARK [2][-]{subsection.33.1}{\376\377\000U\000p\000d\000a\000t\000e\000d\000\040\000E\000v\000i\000d\000e\000n\000c\000e\000\040\000\050\000M\000a\000y\000\040\0002\0000\0002\0006\000\051}{section.33}% 83
\BOOKMARK [1][-]{section.34}{\376\377\000P\000a\000p\000e\000r\000\040\000I\000I\000I\000:\000\040\000G\000e\000o\000d\000e\000s\000i\000c\000\040\000S\000p\000e\000c\000u\000l\000a\000t\000i\000v\000e\000\040\000D\000e\000c\000o\000d\000i\000n\000g}{}% 84
\BOOKMARK [1][-]{section.35}{\376\377\000T\000w\000o\000\040\000S\000p\000e\000e\000d\000s\000,\000\040\000C\000o\000m\000b\000i\000n\000e\000d}{}% 85
\BOOKMARK [1][-]{section.36}{\376\377\000I\000m\000p\000l\000e\000m\000e\000n\000t\000a\000t\000i\000o\000n}{}% 86
\BOOKMARK [1][-]{section.37}{\376\377\000C\000l\000o\000s\000e\000d\000-\000F\000o\000r\000m\000\040\000T\000h\000r\000o\000u\000g\000h\000p\000u\000t\000\040\000E\000s\000t\000i\000m\000a\000t\000e\000s}{}% 87
\BOOKMARK [1][-]{section.38}{\376\377\000A\000t\000t\000e\000n\000t\000i\000o\000n\000\040\000R\000e\000s\000i\000d\000u\000a\000l\000s\000\040\000u\000n\000d\000e\000r\000\040\000C\000o\000m\000p\000r\000e\000s\000s\000i\000o\000n}{}% 88
\BOOKMARK [1][-]{section.39}{\376\377\000K\000V\000-\000C\000a\000c\000h\000e\000\040\000C\000o\000m\000p\000r\000e\000s\000s\000i\000o\000n}{}% 89
\BOOKMARK [1][-]{section.40}{\376\377\000F\000i\000r\000s\000t\000\040\000E\000n\000d\000-\000t\000o\000-\000E\000n\000d\000\040\000M\000e\000a\000s\000u\000r\000e\000m\000e\000n\000t\000s}{}% 90
\BOOKMARK [2][-]{subsection.40.1}{\376\377\000A\000\040\000S\000u\000b\000t\000l\000e\000\040\000B\000u\000g\000:\000\040\000W\000h\000e\000n\000\040\000t\000h\000e\000\040\000M\000o\000d\000e\000l\000\040\000R\000e\000f\000u\000s\000e\000s\000\040\000t\000o\000\040\000S\000p\000e\000a\000k}{section.40}% 91
\BOOKMARK [2][-]{subsection.40.2}{\376\377\000R\000e\000p\000r\000o\000d\000u\000c\000t\000i\000o\000n}{section.40}% 92
\BOOKMARK [1][-]{section.41}{\376\377\000W\000h\000a\000t\000\040\000C\000o\000m\000p\000o\000s\000e\000s\000\040\000a\000n\000d\000\040\000W\000h\000a\000t\000\040\000D\000o\000e\000s\000\040\000N\000o\000t}{}% 93
\BOOKMARK [1][-]{section.42}{\376\377\000O\000n\000e\000D\000e\000c\000o\000d\000e\000,\000\040\000O\000T\000T\000-\000O\000D\000,\000\040\000O\000T\000T\000-\000S\000W\000A\000R\000M}{}% 94
\BOOKMARK [1][-]{section.43}{\376\377\000R\000e\000l\000a\000t\000e\000d\000\040\000W\000o\000r\000k}{}% 95
\BOOKMARK [1][-]{section.44}{\376\377\000L\000i\000m\000i\000t\000a\000t\000i\000o\000n\000s}{}% 96
\BOOKMARK [1][-]{section.45}{\376\377\000P\000a\000p\000e\000r\000\040\000I\000V\000:\000\040\000O\000r\000g\000a\000n\000i\000c\000\040\000T\000r\000a\000i\000n\000i\000n\000g\000\040\000T\000h\000e\000o\000r\000y}{}% 97
\BOOKMARK [1][-]{section.46}{\376\377\000I\000n\000t\000r\000o\000d\000u\000c\000t\000i\000o\000n}{}% 98
\BOOKMARK [1][-]{section.47}{\376\377\000G\000e\000o\000d\000e\000s\000i\000c\000\040\000T\000r\000a\000j\000e\000c\000t\000o\000r\000y\000\040\000C\000a\000c\000h\000i\000n\000g}{}% 99
\BOOKMARK [2][-]{subsection.47.1}{\376\377\000H\000o\000w\000\040\000W\000e\000l\000l\000\040\000D\000o\000e\000s\000\040\000t\000h\000e\000\040\000L\000i\000b\000r\000a\000r\000y\000\040\000C\000o\000v\000e\000r\000\040\000N\000e\000w\000\040\000Q\000u\000e\000r\000i\000e\000s\000?}{section.47}% 100
\BOOKMARK [2][-]{subsection.47.2}{\376\377\000T\000h\000e\000\040\000T\000h\000e\000o\000r\000e\000t\000i\000c\000a\000l\000\040\000F\000r\000a\000m\000e\000w\000o\000r\000k\000\040\000\050\000W\000h\000a\000t\000\040\000W\000e\000\040\000A\000s\000s\000u\000m\000e\000\040\000a\000n\000d\000\040\000W\000h\000a\000t\000\040\000F\000o\000l\000l\000o\000w\000s\000\051}{section.47}% 101
\BOOKMARK [2][-]{subsection.47.3}{\376\377\000T\000h\000e\000\040\000T\000o\000k\000e\000n\000-\000G\000e\000n\000e\000r\000a\000t\000i\000o\000n\000\040\000C\000o\000l\000l\000a\000p\000s\000e\000\040\000H\000y\000p\000o\000t\000h\000e\000s\000i\000s}{section.47}% 102
\BOOKMARK [2][-]{subsection.47.4}{\376\377\000T\000o\000p\000o\000l\000o\000g\000i\000c\000a\000l\000\040\000C\000o\000m\000p\000r\000e\000s\000s\000i\000o\000n\000\040\000a\000n\000d\000\040\000t\000h\000e\000\040\000I\000n\000f\000i\000n\000i\000t\000e\000\040\000C\000o\000n\000t\000e\000x\000t\000\040\000H\000o\000r\000i\000z\000o\000n}{section.47}% 103
\BOOKMARK [2][-]{subsection.47.5}{\376\377\000H\000a\000l\000l\000u\000c\000i\000n\000a\000t\000i\000o\000n\000s\000\040\000a\000s\000\040\000T\000o\000p\000o\000l\000o\000g\000i\000c\000a\000l\000\040\000T\000e\000a\000r\000s}{section.47}% 104
\BOOKMARK [3][-]{subsubsection.47.5.1}{\376\377\000B\000u\000i\000l\000d\000\040\000S\000t\000a\000t\000u\000s\000\040\000\050\000M\000a\000y\000\040\0007\000,\000\040\0002\0000\0002\0006\000\051}{subsection.47.5}% 105
\BOOKMARK [1][-]{section.48}{\376\377\000C\000u\000r\000r\000e\000n\000t\000\040\000S\000t\000a\000t\000u\000s\000\040\000o\000f\000\040\000t\000h\000e\000\040\000F\000i\000v\000e\000\040\000O\000p\000e\000n\000\040\000P\000r\000o\000b\000l\000e\000m\000s\000\040\000\050\000v\0004\000,\000\040\000M\000a\000y\000\040\0007\000,\000\040\0002\0000\0002\0006\000\051}{}% 106
\BOOKMARK [2][-]{subsubsection.48.0.1}{\376\377\0003\000.\000\040\000A\000t\000t\000n\000R\000e\000s\000\040\000+\000\040\000G\000T\000C\000\040\000J\000o\000i\000n\000t\000\040\000T\000r\000a\000i\000n\000i\000n\000g\000,\000\040\000T\000h\000e\000\040\000S\000H\000F\000\040\000L\000o\000s\000s}{section.48}% 107
\BOOKMARK [3][-]{subsubsection.48.0.2}{\376\377\0004\000.\000\040\000I\000n\000j\000e\000c\000t\000i\000v\000i\000t\000y\000\040\000R\000a\000d\000i\000u\000s\000,\000\040\000C\000h\000e\000a\000p\000e\000s\000t\000\040\000U\000n\000i\000v\000e\000r\000s\000a\000l\000\040\000E\000s\000t\000i\000m\000a\000t\000o\000r}{subsubsection.48.0.1}% 108
\BOOKMARK [3][-]{subsubsection.48.0.3}{\376\377\0005\000.\000\040\000C\000u\000r\000v\000a\000t\000u\000r\000e\000-\000W\000a\000r\000p\000\040\000K\000n\000o\000w\000l\000e\000d\000g\000e\000\040\000I\000n\000j\000e\000c\000t\000i\000o\000n\000,\000\040\000P\000o\000s\000i\000t\000i\000v\000e\000\040\000P\000a\000t\000h}{subsubsection.48.0.1}% 109
\BOOKMARK [3][-]{subsubsection.48.0.4}{\376\377\000R\000i\000g\000o\000r\000o\000u\000s\000\040\000V\000e\000r\000i\000f\000i\000c\000a\000t\000i\000o\000n\000\040\000\050\000M\000a\000y\000\040\0007\000,\000\040\0002\0000\0002\0006\000\040\040\024\000\040\000F\000i\000n\000a\000l\000\051}{subsubsection.48.0.1}% 110
\BOOKMARK [2][-]{subsection.48.1}{\376\377\000K\000n\000o\000w\000l\000e\000d\000g\000e\000-\000i\000n\000j\000e\000c\000t\000i\000o\000n\000\040\000c\000u\000r\000v\000a\000t\000u\000r\000e\000\040\000w\000a\000r\000p\000:\000\040\000a\000\040\000m\000e\000a\000s\000u\000r\000e\000d\000\040\000n\000e\000g\000a\000t\000i\000v\000e}{section.48}% 111
\BOOKMARK [1][-]{section.49}{\376\377\000S\000e\000t\000u\000p\000:\000\040\000f\000i\000t\000t\000i\000n\000g\000\040\000t\000h\000e\000\040\000m\000a\000n\000i\000f\000o\000l\000d\000\040\000f\000r\000o\000m\000\040\000P\000h\000a\000s\000e\000-\0001\000\040\000e\000x\000p\000o\000r\000t\000s}{}% 112
\BOOKMARK [1][-]{section.50}{\376\377\000C\000o\000v\000e\000r\000a\000g\000e\000\040\000s\000c\000a\000l\000i\000n\000g\000\040\000a\000c\000r\000o\000s\000s\000\040\000t\000h\000r\000e\000e\000\040\000m\000o\000d\000e\000l\000s}{}% 113
\BOOKMARK [1][-]{section.51}{\376\377\000B\000a\000t\000c\000h\000\040\000J\000a\000c\000o\000b\000i\000\040\000r\000e\000s\000o\000n\000a\000n\000c\000e}{}% 114
\BOOKMARK [1][-]{section.52}{\376\377\000C\000o\000m\000p\000r\000e\000s\000s\000e\000d\000\040\000r\000e\000c\000o\000r\000d\000\040\000s\000t\000o\000r\000e}{}% 115
\BOOKMARK [1][-]{section.53}{\376\377\000O\000T\000T\000\040\000r\000u\000n\000t\000i\000m\000e\000\040\000a\000n\000c\000h\000o\000r}{}% 116
\BOOKMARK [2][-]{subsection.53.1}{\376\377\000T\000h\000e\000\040\000i\000n\000s\000t\000r\000u\000c\000t\000-\000g\000r\000e\000e\000d\000y\000-\000E\000O\000S\000\040\000p\000a\000t\000h\000o\000l\000o\000g\000y}{section.53}% 117
\BOOKMARK [2][-]{subsection.53.2}{\376\377\000G\000e\000o\000m\000e\000t\000r\000y\000-\000c\000a\000c\000h\000e\000\040\000c\000o\000n\000s\000i\000s\000t\000e\000n\000c\000y\000-\000e\000q\000u\000i\000v\000a\000l\000e\000n\000c\000e}{section.53}% 118
\BOOKMARK [1][-]{section.54}{\376\377\000R\000e\000p\000r\000o\000d\000u\000c\000t\000i\000o\000n}{}% 119
\BOOKMARK [1][-]{section.55}{\376\377\000L\000i\000m\000i\000t\000a\000t\000i\000o\000n\000s}{}% 120
\BOOKMARK [1][-]{section.56}{\376\377\000P\000a\000p\000e\000r\000\040\000V\000:\000\040\000G\000R\000C\000\040\000L\000i\000g\000h\000t\000\040\000D\000i\000s\000t\000i\000l\000l\000a\000t\000i\000o\000n}{}% 121
\BOOKMARK [1][-]{section.57}{\376\377\000I\000n\000t\000r\000o\000d\000u\000c\000t\000i\000o\000n}{}% 122
\BOOKMARK [2][-]{subsection.57.1}{\376\377\000P\000r\000o\000j\000e\000c\000t\000\040\000n\000o\000m\000e\000n\000c\000l\000a\000t\000u\000r\000e}{section.57}% 123
\BOOKMARK [2][-]{subsection.57.2}{\376\377\000C\000o\000n\000t\000r\000i\000b\000u\000t\000i\000o\000n\000s}{section.57}% 124
\BOOKMARK [2][-]{subsection.57.3}{\376\377\000W\000h\000a\000t\000\040\000t\000h\000i\000s\000\040\000p\000a\000p\000e\000r\000\040\000i\000s\000\040\000n\000o\000t}{section.57}% 125
\BOOKMARK [1][-]{section.58}{\376\377\000M\000e\000t\000h\000o\000d}{}% 126
\BOOKMARK [2][-]{subsection.58.1}{\376\377\000P\000h\000a\000s\000e\000\040\0001\000:\000\040\000G\000R\000C\000\040\000p\000r\000o\000j\000e\000c\000t\000i\000o\000n\000\040\000\050\000u\000n\000c\000h\000a\000n\000g\000e\000d\000\040\000f\000r\000o\000m\000\040\000P\000a\000r\000t\000\040\000I\000\051}{section.58}% 127
\BOOKMARK [2][-]{subsection.58.2}{\376\377\000P\000h\000a\000s\000e\000\040\0002\000:\000\040\000T\000e\000a\000c\000h\000e\000r\040\023\000s\000t\000u\000d\000e\000n\000t\000\040\000L\000o\000R\000A\000\040\000c\000o\000r\000r\000e\000c\000t\000i\000o\000n\000\040\000\050\000n\000e\000w\000\051}{section.58}% 128
\BOOKMARK [2][-]{subsection.58.3}{\376\377\000P\000h\000a\000s\000e\000\040\0003\000:\000\040\000M\000e\000r\000g\000e\000\040\000a\000n\000d\000\040\000s\000h\000i\000p}{section.58}% 129
\BOOKMARK [1][-]{section.59}{\376\377\000F\000i\000r\000s\000t\000-\000o\000r\000d\000e\000r\000\040\000b\000o\000u\000n\000d\000\040\000o\000n\000\040\000P\000P\000L\000\040\000g\000a\000p\000\040\000c\000l\000o\000s\000u\000r\000e}{}% 130
\BOOKMARK [1][-]{section.60}{\376\377\000W\000h\000y\000\040\000d\000i\000s\000t\000i\000l\000l\000a\000t\000i\000o\000n\000\040\000d\000o\000e\000s\000\040\000n\000o\000t\000\040\000b\000r\000e\000a\000k\000\040\000t\000h\000e\000\040\000f\000u\000s\000i\000o\000n\000\040\000p\000a\000t\000h}{}% 131
\BOOKMARK [1][-]{section.61}{\376\377\000F\000a\000l\000s\000i\000f\000i\000a\000b\000l\000e\000\040\000p\000r\000e\000d\000i\000c\000t\000i\000o\000n\000s}{}% 132
\BOOKMARK [1][-]{section.62}{\376\377\000E\000m\000p\000i\000r\000i\000c\000a\000l\000\040\000p\000r\000o\000t\000o\000c\000o\000l}{}% 133
\BOOKMARK [2][-]{subsection.62.1}{\376\377\000D\000o\000n\000e}{section.62}% 134
\BOOKMARK [2][-]{subsection.62.2}{\376\377\000P\000e\000n\000d\000i\000n\000g\000:\000\040\000P\000h\000a\000s\000e\000\040\0002\000\040\000P\000y\000T\000o\000r\000c\000h\000\040\000r\000u\000n\000n\000e\000r}{section.62}% 135
\BOOKMARK [2][-]{subsection.62.3}{\376\377\000E\000m\000p\000i\000r\000i\000c\000a\000l\000\040\000N\000u\000m\000b\000e\000r\000s\000\040\000\050\000M\000e\000a\000s\000u\000r\000e\000d\000,\000\040\000M\000a\000y\000\040\0002\0000\0002\0006\000\051}{section.62}% 136
\BOOKMARK [3][-]{subsubsection.62.3.1}{\376\377\000S\000m\000o\000l\000L\000M\0002\000-\0001\0003\0005\000M\000\040\000m\000e\000a\000s\000u\000r\000e\000m\000e\000n\000t\000s\000\040\000\050\000E\000x\000p\000\040\000E\0002\000\051}{subsection.62.3}% 137
\BOOKMARK [3][-]{subsubsection.62.3.2}{\376\377\000S\000i\000n\000k\000-\000a\000w\000a\000r\000e\000\040\000G\000R\000C\000\040\000\050\000m\000e\000a\000s\000u\000r\000e\000d\000\040\0002\0000\0002\0006\000-\0000\0005\000-\0000\0002\000\051}{subsection.62.3}% 138
\BOOKMARK [3][-]{subsubsection.62.3.3}{\376\377\000L\000a\000r\000g\000e\000-\000m\000o\000d\000e\000l\000\040\000G\000R\000C\000\040\000d\000i\000s\000t\000i\000l\000l\000a\000t\000i\000o\000n\000\040\000\050\000Q\000w\000e\000n\0002\000.\0005\000-\0007\000B\000\051}{subsection.62.3}% 139
\BOOKMARK [1][-]{section.63}{\376\377\000T\000h\000r\000e\000a\000t\000\040\000m\000o\000d\000e\000l\000\040\000a\000n\000d\000\040\000l\000i\000m\000i\000t\000a\000t\000i\000o\000n\000s}{}% 140
\BOOKMARK [2][-]{subsection.63.1}{\376\377\000W\000h\000a\000t\000\040\000t\000h\000e\000\040\000P\000h\000a\000s\000e\000\040\0002\000\040\000r\000u\000n\000\040\000w\000i\000l\000l\000\040\000n\000o\000t\000\040\000e\000s\000t\000a\000b\000l\000i\000s\000h}{section.63}% 141
\BOOKMARK [2][-]{subsection.63.2}{\376\377\000I\000m\000p\000l\000e\000m\000e\000n\000t\000a\000t\000i\000o\000n\000\040\000h\000a\000z\000a\000r\000d\000s}{section.63}% 142
\BOOKMARK [1][-]{section.64}{\376\377\000R\000e\000p\000r\000o\000d\000u\000c\000i\000b\000i\000l\000i\000t\000y}{}% 143
\BOOKMARK [1][-]{section.65}{\376\377\000P\000a\000p\000e\000r\000\040\000V\000I\000:\000\040\000T\000a\000s\000k\000-\000L\000e\000v\000e\000l\000\040\000I\000m\000p\000a\000c\000t}{}% 144
\BOOKMARK [1][-]{section.66}{\376\377\000I\000n\000t\000r\000o\000d\000u\000c\000t\000i\000o\000n}{}% 145
\BOOKMARK [2][-]{subsection.66.1}{\376\377\000W\000h\000y\000\040\000d\000i\000f\000f\000e\000r\000e\000n\000t\000\040\000t\000a\000s\000k\000s\000\040\000s\000h\000o\000u\000l\000d\000\040\000d\000e\000g\000r\000a\000d\000e\000\040\000d\000i\000f\000f\000e\000r\000e\000n\000t\000l\000y}{section.66}% 146
\BOOKMARK [1][-]{section.67}{\376\377\000M\000e\000t\000h\000o\000d}{}% 147
\BOOKMARK [2][-]{subsection.67.1}{\376\377\000G\000R\000C\000\040\000c\000o\000m\000p\000r\000e\000s\000s\000i\000o\000n}{section.67}% 148
\BOOKMARK [2][-]{subsection.67.2}{\376\377\000B\000e\000n\000c\000h\000m\000a\000r\000k\000\040\000p\000r\000o\000t\000o\000c\000o\000l\000s}{section.67}% 149
\BOOKMARK [2][-]{subsection.67.3}{\376\377\000C\000o\000m\000p\000r\000e\000s\000s\000i\000o\000n\000\040\000r\000a\000n\000k\000s}{section.67}% 150
\BOOKMARK [1][-]{section.68}{\376\377\000S\000t\000r\000u\000c\000t\000u\000r\000a\000l\000\040\000P\000r\000e\000d\000i\000c\000t\000i\000o\000n\000s}{}% 151
\BOOKMARK [2][-]{subsection.68.1}{\376\377\000L\000i\000m\000i\000t\000a\000t\000i\000o\000n\000s\000\040\000o\000f\000\040\000t\000h\000i\000s\000\040\000s\000t\000u\000d\000y}{section.68}% 152
\BOOKMARK [1][-]{section.69}{\376\377\000M\000e\000a\000s\000u\000r\000e\000d\000\040\000R\000e\000s\000u\000l\000t\000s\000\040\000\050\000S\000m\000o\000l\000L\000M\0002\000-\0001\0003\0005\000M\000,\000\040\000E\000x\000p\000\040\000F\0001\000\051}{}% 153
\BOOKMARK [2][-]{subsection.69.1}{\376\377\000S\000a\000f\000e\000\040\000F\000r\000o\000n\000t\000i\000e\000r\000\040\000A\000n\000a\000l\000y\000s\000i\000s\000\040\000\050\000E\000x\000p\000\040\000F\0004\000\051}{section.69}% 154
\BOOKMARK [2][-]{subsection.69.2}{\376\377\000C\000r\000o\000s\000s\000-\000M\000o\000d\000e\000l\000\040\000V\000a\000l\000i\000d\000a\000t\000i\000o\000n\000:\000\040\000Q\000w\000e\000n\0002\000.\0005\000-\0000\000.\0005\000B\000\040\000\050\000E\000x\000p\000\040\000F\0005\000,\000\040\000N\000e\000w\000\051}{section.69}% 155
\BOOKMARK [1][-]{section.70}{\376\377\000E\000m\000p\000i\000r\000i\000c\000a\000l\000\040\000P\000r\000o\000t\000o\000c\000o\000l}{}% 156
\BOOKMARK [2][-]{subsection.70.1}{\376\377\000D\000o\000n\000e}{section.70}% 157
\BOOKMARK [2][-]{subsection.70.2}{\376\377\000O\000p\000e\000n}{section.70}% 158
\BOOKMARK [1][-]{section.71}{\376\377\000R\000e\000p\000r\000o\000d\000u\000c\000t\000i\000o\000n}{}% 159
\BOOKMARK [1][-]{section.72}{\376\377\000L\000i\000m\000i\000t\000a\000t\000i\000o\000n\000s}{}% 160
\BOOKMARK [1][-]{section.73}{\376\377\000P\000a\000p\000e\000r\000\040\000V\000I\000I\000:\000\040\000F\000F\000N\000\040\000C\000l\000u\000s\000t\000e\000r\000\040\000C\000o\000m\000p\000r\000e\000s\000s\000i\000o\000n}{}% 161
\BOOKMARK [1][-]{section.74}{\376\377\000I\000n\000t\000r\000o\000d\000u\000c\000t\000i\000o\000n}{}% 162
\BOOKMARK [2][-]{subsection.74.1}{\376\377\000W\000h\000y\000\040\000F\000F\000N\000\040\000i\000s\000\040\000d\000i\000f\000f\000e\000r\000e\000n\000t\000\040\000f\000r\000o\000m\000\040\000a\000t\000t\000e\000n\000t\000i\000o\000n}{section.74}% 163
\BOOKMARK [1][-]{section.75}{\376\377\000M\000e\000t\000h\000o\000d\000:\000\040\000C\000o\000l\000u\000m\000n\000-\000C\000l\000u\000s\000t\000e\000r\000\040\000C\000o\000m\000p\000r\000e\000s\000s\000i\000o\000n}{}% 164
\BOOKMARK [2][-]{subsection.75.1}{\376\377\000C\000l\000u\000s\000t\000e\000r\000i\000n\000g\000\040\000s\000t\000r\000a\000t\000e\000g\000i\000e\000s}{section.75}% 165
\BOOKMARK [2][-]{subsection.75.2}{\376\377\000P\000e\000r\000-\000c\000l\000u\000s\000t\000e\000r\000\040\000S\000V\000D}{section.75}% 166
\BOOKMARK [1][-]{section.76}{\376\377\000E\000n\000d\000-\000t\000o\000-\000E\000n\000d\000\040\000P\000P\000L\000:\000\040\000T\000h\000e\000\040\000P\000r\000o\000x\000y\000\040\000F\000a\000i\000l\000u\000r\000e\000\040\000\050\000E\000x\000p\000\040\000G\0002\000\051}{}% 167
\BOOKMARK [1][-]{section.77}{\376\377\000C\000o\000m\000b\000i\000n\000e\000d\000\040\000A\000t\000t\000n\000+\000F\000F\000N\000\040\000B\000y\000t\000e\000\040\000S\000a\000v\000i\000n\000g\000s\000\040\000\050\000E\000x\000p\000\040\000G\0003\000\051}{}% 168
\BOOKMARK [2][-]{subsection.77.1}{\376\377\000A\000c\000t\000i\000v\000a\000t\000i\000o\000n\000-\000w\000e\000i\000g\000h\000t\000e\000d\000\040\000a\000p\000p\000r\000o\000a\000c\000h\000\040\000\050\000P\0002\000\040\000P\000h\000a\000s\000e\000\040\0003\000,\000\040\000n\000e\000g\000a\000t\000i\000v\000e\000\051}{section.77}% 169
\BOOKMARK [2][-]{subsection.77.2}{\376\377\000P\000h\000a\000s\000e\000\040\0004\000:\000\040\000L\000o\000R\000A\000\040\000F\000F\000N\000\040\000D\000i\000s\000t\000i\000l\000l\000a\000t\000i\000o\000n\000\040\000\050\000M\000e\000a\000s\000u\000r\000e\000d\000,\000\040\000E\000x\000p\000\040\000G\0004\000\051}{section.77}% 170
\BOOKMARK [2][-]{subsection.77.3}{\376\377\000P\000h\000a\000s\000e\000\040\0005\000:\000\040\000L\000o\000R\000A\000\040\000o\000n\000\040\000G\000R\000C\000-\000C\000o\000m\000p\000r\000e\000s\000s\000e\000d\000\040\000A\000t\000t\000e\000n\000t\000i\000o\000n\000\040\000+\000\040\000F\000F\000N\000\040\000\050\000N\000e\000w\000,\000\040\000M\000a\000y\000\040\0006\000\051}{section.77}% 171
\BOOKMARK [1][-]{section.78}{\376\377\000M\000e\000a\000s\000u\000r\000e\000m\000e\000n\000t\000s\000\040\000\050\000L\000o\000c\000a\000l\000\040\000R\000e\000c\000o\000n\000s\000t\000r\000u\000c\000t\000i\000o\000n\000\051}{}% 172
\BOOKMARK [2][-]{subsection.78.1}{\376\377\000S\000m\000o\000l\000L\000M\0002\000-\0001\0003\0005\000M\000\040\000f\000u\000l\000l\000\040\000s\000w\000e\000e\000p}{section.78}% 173
\BOOKMARK [2][-]{subsection.78.2}{\376\377\000P\000e\000r\000-\000l\000a\000y\000e\000r\000\040\000b\000r\000e\000a\000k\000d\000o\000w\000n}{section.78}% 174
\BOOKMARK [1][-]{section.79}{\376\377\000I\000n\000t\000e\000r\000p\000r\000e\000t\000a\000t\000i\000o\000n}{}% 175
\BOOKMARK [2][-]{subsection.79.1}{\376\377\000W\000h\000y\000\040\000c\000l\000u\000s\000t\000e\000r\000i\000n\000g\000\040\000w\000o\000r\000k\000s}{section.79}% 176
\BOOKMARK [2][-]{subsection.79.2}{\376\377\000C\000o\000m\000p\000a\000r\000i\000s\000o\000n\000\040\000w\000i\000t\000h\000\040\000a\000t\000t\000e\000n\000t\000i\000o\000n\000\040\000c\000o\000m\000p\000r\000e\000s\000s\000i\000o\000n}{section.79}% 177
\BOOKMARK [1][-]{section.80}{\376\377\000F\000u\000t\000u\000r\000e\000\040\000W\000o\000r\000k}{}% 178
\BOOKMARK [1][-]{section.81}{\376\377\000R\000e\000p\000r\000o\000d\000u\000c\000t\000i\000o\000n}{}% 179
\BOOKMARK [1][-]{section.82}{\376\377\000L\000i\000m\000i\000t\000a\000t\000i\000o\000n\000s}{}% 180
\BOOKMARK [1][-]{section.83}{\376\377\000P\000a\000p\000e\000r\000\040\000V\000I\000I\000I\000:\000\040\000G\000T\000C\000\040\000a\000s\000\040\000R\000A\000G}{}% 181
\BOOKMARK [1][-]{section.84}{\376\377\000I\000n\000t\000r\000o\000d\000u\000c\000t\000i\000o\000n}{}% 182
\BOOKMARK [1][-]{section.85}{\376\377\000M\000e\000t\000h\000o\000d}{}% 183
\BOOKMARK [1][-]{section.86}{\376\377\000M\000e\000a\000s\000u\000r\000e\000d\000\040\000R\000e\000s\000u\000l\000t\000s}{}% 184
\BOOKMARK [2][-]{subsection.86.1}{\376\377\000C\000a\000c\000h\000e\000\040\000C\000o\000v\000e\000r\000a\000g\000e}{section.86}% 185
\BOOKMARK [2][-]{subsection.86.2}{\376\377\000B\000a\000t\000c\000h\000\040\000J\000a\000c\000o\000b\000i\000\040\000S\000p\000e\000e\000d\000u\000p}{section.86}% 186
\BOOKMARK [2][-]{subsection.86.3}{\376\377\000G\000T\000C\000\040\000v\000s\000.\000\040\000R\000A\000G}{section.86}% 187
\BOOKMARK [2][-]{subsection.86.4}{\376\377\000C\000o\000m\000p\000r\000e\000s\000s\000e\000d\000\040\000R\000e\000c\000o\000r\000d\000\040\000S\000t\000o\000r\000e}{section.86}% 188
\BOOKMARK [1][-]{section.87}{\376\377\000R\000e\000l\000a\000t\000e\000d\000\040\000W\000o\000r\000k}{}% 189
\BOOKMARK [1][-]{section.88}{\376\377\000L\000i\000m\000i\000t\000a\000t\000i\000o\000n\000s}{}% 190
\BOOKMARK [1][-]{section.89}{\376\377\000C\000o\000n\000c\000l\000u\000s\000i\000o\000n}{}% 191
\BOOKMARK [1][-]{section.90}{\376\377\000V\000e\000r\000i\000f\000i\000c\000a\000t\000i\000o\000n}{}% 192
\BOOKMARK [1][-]{section.91}{\376\377\000P\000a\000p\000e\000r\000\040\000I\000X\000:\000\040\000C\000r\000o\000s\000s\000-\000G\000P\000U\000\040\000T\000r\000a\000n\000s\000f\000e\000r}{}% 193
\BOOKMARK [1][-]{section.92}{\376\377\000I\000n\000t\000r\000o\000d\000u\000c\000t\000i\000o\000n}{}% 194
\BOOKMARK [1][-]{section.93}{\376\377\000M\000e\000t\000h\000o\000d}{}% 195
\BOOKMARK [1][-]{section.94}{\376\377\000M\000e\000a\000s\000u\000r\000e\000d\000\040\000R\000e\000s\000u\000l\000t\000s}{}% 196
\BOOKMARK [1][-]{section.95}{\376\377\000R\000e\000l\000a\000t\000e\000d\000\040\000W\000o\000r\000k}{}% 197
\BOOKMARK [1][-]{section.96}{\376\377\000L\000i\000m\000i\000t\000a\000t\000i\000o\000n\000s}{}% 198
\BOOKMARK [1][-]{section.97}{\376\377\000C\000o\000n\000c\000l\000u\000s\000i\000o\000n}{}% 199
\BOOKMARK [1][-]{section.98}{\376\377\000V\000e\000r\000i\000f\000i\000c\000a\000t\000i\000o\000n}{}% 200
\BOOKMARK [1][-]{section.99}{\376\377\000P\000a\000p\000e\000r\000\040\000X\000:\000\040\000C\000E\000C\000I\000\040\000M\000o\000d\000e\000l\000\040\000G\000r\000a\000f\000t\000i\000n\000g}{}% 201
\BOOKMARK [1][-]{section.100}{\376\377\000I\000n\000t\000r\000o\000d\000u\000c\000t\000i\000o\000n}{}% 202
\BOOKMARK [2][-]{subsection.100.1}{\376\377\000T\000h\000e\000\040\000H\000y\000p\000e\000r\000T\000e\000n\000s\000o\000r\000\040\000s\000o\000l\000u\000t\000i\000o\000n}{section.100}% 203
\BOOKMARK [2][-]{subsection.100.2}{\376\377\000W\000h\000a\000t\000\040\000t\000h\000i\000s\000\040\000p\000a\000p\000e\000r\000\040\000c\000o\000n\000t\000r\000i\000b\000u\000t\000e\000s}{section.100}% 204
\BOOKMARK [1][-]{section.101}{\376\377\000S\000u\000b\000s\000p\000a\000c\000e\000\040\000O\000v\000e\000r\000l\000a\000p\000\040\000F\000e\000a\000s\000i\000b\000i\000l\000i\000t\000y}{}% 205
\BOOKMARK [2][-]{subsection.101.1}{\376\377\000M\000e\000t\000h\000o\000d}{section.101}% 206
\BOOKMARK [2][-]{subsection.101.2}{\376\377\000R\000e\000s\000u\000l\000t\000s}{section.101}% 207
\BOOKMARK [1][-]{section.102}{\376\377\000C\000E\000C\000I\000\040\000E\000x\000p\000e\000r\000i\000m\000e\000n\000t\000:\000\040\000F\000u\000l\000l\000\040\000P\000r\000o\000t\000o\000c\000o\000l\000\040\000E\000x\000e\000c\000u\000t\000i\000o\000n}{}% 208
\BOOKMARK [2][-]{subsection.102.1}{\376\377\000P\000h\000a\000s\000e\000\040\0001\000:\000\040\000B\000a\000n\000d\000\040\000i\000d\000e\000n\000t\000i\000f\000i\000c\000a\000t\000i\000o\000n}{section.102}% 209
\BOOKMARK [2][-]{subsection.102.2}{\376\377\000P\000h\000a\000s\000e\000\040\0002\000:\000\040\000G\000e\000o\000m\000e\000t\000r\000i\000c\000\040\000e\000x\000t\000r\000a\000c\000t\000i\000o\000n}{section.102}% 210
\BOOKMARK [2][-]{subsection.102.3}{\376\377\000P\000h\000a\000s\000e\000\040\0003\000:\000\040\000G\000a\000u\000g\000e\000\040\000a\000l\000i\000g\000n\000m\000e\000n\000t}{section.102}% 211
\BOOKMARK [2][-]{subsection.102.4}{\376\377\000P\000h\000a\000s\000e\000\040\0004\000:\000\040\000C\000E\000C\000I\000\040\000s\000p\000l\000i\000c\000e\000\040\000a\000n\000d\000\040\000r\000e\000s\000i\000d\000u\000a\000l\000\040\000m\000e\000a\000s\000u\000r\000e\000m\000e\000n\000t}{section.102}% 212
\BOOKMARK [2][-]{subsection.102.5}{\376\377\000P\000h\000a\000s\000e\000\040\0005\000:\000\040\000C\000o\000h\000e\000r\000e\000n\000c\000e\000\040\000e\000v\000a\000l\000u\000a\000t\000i\000o\000n}{section.102}% 213
\BOOKMARK [2][-]{subsection.102.6}{\376\377\000C\000E\000C\000I\000\040\000f\000e\000a\000s\000i\000b\000i\000l\000i\000t\000y\000\040\000m\000a\000p}{section.102}% 214
\BOOKMARK [1][-]{section.103}{\376\377\000C\000E\000C\000I\000\040\000P\000r\000o\000t\000o\000c\000o\000l\000\040\000S\000p\000e\000c\000i\000f\000i\000c\000a\000t\000i\000o\000n}{}% 215
\BOOKMARK [2][-]{subsection.103.1}{\376\377\000P\000r\000e\000r\000e\000q\000u\000i\000s\000i\000t\000e\000s}{section.103}% 216
\BOOKMARK [2][-]{subsection.103.2}{\376\377\000S\000t\000e\000p\000\040\0001\000:\000\040\000P\000h\000a\000s\000e\000-\000b\000a\000n\000d\000\040\000i\000d\000e\000n\000t\000i\000f\000i\000c\000a\000t\000i\000o\000n}{section.103}% 217
\BOOKMARK [2][-]{subsection.103.3}{\376\377\000S\000t\000e\000p\000\040\0002\000:\000\040\000P\000e\000r\000-\000b\000a\000n\000d\000\040\000A\000x\000i\000o\000m\000\040\000G\000a\000u\000g\000e\000\040\000a\000l\000i\000g\000n\000m\000e\000n\000t}{section.103}% 218
\BOOKMARK [2][-]{subsection.103.4}{\376\377\000S\000t\000e\000p\000\040\0003\000:\000\040\000I\000n\000t\000r\000i\000n\000s\000i\000c\000\040\000s\000u\000b\000s\000p\000a\000c\000e\000\040\000p\000r\000o\000j\000e\000c\000t\000i\000o\000n}{section.103}% 219
\BOOKMARK [2][-]{subsection.103.5}{\376\377\000S\000t\000e\000p\000\040\0004\000:\000\040\000S\000i\000n\000k\000-\000c\000h\000a\000n\000n\000e\000l\000\040\000e\000x\000e\000m\000p\000t\000i\000o\000n}{section.103}% 220
\BOOKMARK [2][-]{subsection.103.6}{\376\377\000S\000t\000e\000p\000\040\0005\000:\000\040\000S\000k\000i\000l\000l\000-\000g\000e\000o\000m\000e\000t\000r\000y\000\040\000e\000x\000t\000r\000a\000c\000t\000i\000o\000n\000\040\000a\000n\000d\000\040\000i\000n\000j\000e\000c\000t\000i\000o\000n}{section.103}% 221
\BOOKMARK [2][-]{subsection.103.7}{\376\377\000S\000t\000e\000p\000\040\0006\000:\000\040\000M\000e\000r\000g\000e\000\040\000a\000n\000d\000\040\000s\000h\000i\000p}{section.103}% 222
\BOOKMARK [2][-]{subsection.103.8}{\376\377\000V\000a\000l\000i\000d\000a\000t\000i\000o\000n\000\040\000p\000l\000a\000n}{section.103}% 223
\BOOKMARK [1][-]{section.104}{\376\377\000E\000m\000p\000i\000r\000i\000c\000a\000l\000\040\000P\000r\000e\000l\000i\000m\000i\000n\000a\000r\000i\000e\000s}{}% 224
\BOOKMARK [2][-]{subsection.104.1}{\376\377\000S\000u\000b\000s\000p\000a\000c\000e\000\040\000o\000v\000e\000r\000l\000a\000p\000\040\000\050\000S\000m\000o\000l\000L\000M\0002\000-\0001\0003\0005\000M\000\051}{section.104}% 225
\BOOKMARK [2][-]{subsection.104.2}{\376\377\000G\000a\000u\000g\000e\000\040\000a\000l\000i\000g\000n\000m\000e\000n\000t\000\040\000e\000f\000f\000i\000c\000a\000c\000y\000\040\000\050\000m\000e\000a\000s\000u\000r\000e\000d\000\051}{section.104}% 226
\BOOKMARK [2][-]{subsection.104.3}{\376\377\000F\000F\000N\000\040\000e\000x\000t\000r\000a\000c\000t\000a\000b\000i\000l\000i\000t\000y\000\040\000\050\000m\000e\000a\000s\000u\000r\000e\000d\000\051}{section.104}% 227
\BOOKMARK [2][-]{subsection.104.4}{\376\377\000S\000p\000l\000i\000c\000e\000\040\000r\000e\000s\000i\000d\000u\000a\000l\000\040\000a\000n\000d\000\040\000L\000o\000R\000A\000\040\000c\000a\000p\000a\000c\000i\000t\000y\000\040\000\050\000m\000e\000a\000s\000u\000r\000e\000d\000\051}{section.104}% 228
\BOOKMARK [2][-]{subsection.104.5}{\376\377\000P\000e\000r\000-\000m\000a\000t\000r\000i\000x\000\040\000e\000r\000r\000o\000r\000\040\000r\000e\000d\000u\000c\000t\000i\000o\000n\000\040\000o\000n\000\040\000L\000l\000a\000m\000a\000-\0008\000B\000\040\000\050\000E\000C\0002\000/\000L\0004\0000\000S\000\051}{section.104}% 229
\BOOKMARK [1][-]{section.105}{\376\377\000D\000i\000s\000c\000u\000s\000s\000i\000o\000n}{}% 230
\BOOKMARK [2][-]{subsection.105.1}{\376\377\000W\000h\000y\000\040\000g\000l\000o\000b\000a\000l\000\040\000g\000a\000u\000g\000e\000\040\000f\000a\000i\000l\000s}{section.105}% 231
\BOOKMARK [2][-]{subsection.105.2}{\376\377\000T\000h\000e\000\040\000k\000-\000s\000p\000a\000c\000e\000\040\000a\000d\000v\000a\000n\000t\000a\000g\000e}{section.105}% 232
\BOOKMARK [2][-]{subsection.105.3}{\376\377\000T\000h\000e\000\040\000F\000F\000N\000\040\000q\000u\000e\000s\000t\000i\000o\000n}{section.105}% 233
\BOOKMARK [2][-]{subsection.105.4}{\376\377\000W\000h\000a\000t\000\040\000t\000h\000i\000s\000\040\000e\000x\000p\000e\000r\000i\000m\000e\000n\000t\000\040\000w\000o\000u\000l\000d\000\040\000p\000r\000o\000v\000e}{section.105}% 234
\BOOKMARK [1][-]{section.106}{\376\377\000C\000r\000o\000s\000s\000-\000M\000o\000d\000e\000l\000\040\000C\000E\000C\000I\000:\000\040\000C\000O\000N\000F\000I\000R\000M\000E\000D\000\040\000a\000t\000\040\000k\000=\0005\0001\0002\000\040\000\050\000E\000x\000p\000\040\000J\0002\000\051}{}% 235
\BOOKMARK [1][-]{section.107}{\376\377\000L\000i\000m\000i\000t\000a\000t\000i\000o\000n\000s}{}% 236
\BOOKMARK [1][-]{section.108}{\376\377\000R\000e\000p\000r\000o\000d\000u\000c\000t\000i\000o\000n}{}% 237
\BOOKMARK [2][-]{subsection.108.1}{\376\377\000U\000p\000d\000a\000t\000e\000d\000\040\000E\000v\000i\000d\000e\000n\000c\000e\000\040\000\050\000M\000a\000y\000\040\0002\0000\0002\0006\000\051}{section.108}% 238
\BOOKMARK [1][-]{section.109}{\376\377\000P\000a\000p\000e\000r\000\040\000X\000I\000:\000\040\000U\000n\000i\000v\000e\000r\000s\000a\000l\000\040\000G\000e\000o\000d\000e\000s\000i\000c\000\040\000T\000a\000x\000o\000n\000o\000m\000y}{}% 239
\BOOKMARK [1][-]{section.110}{\376\377\000T\000h\000e\000\040\000U\000G\000T\000\040\000C\000o\000n\000s\000t\000r\000u\000c\000t\000i\000o\000n}{}% 240
\BOOKMARK [2][-]{subsection.110.1}{\376\377\000M\000o\000t\000i\000v\000a\000t\000i\000o\000n}{section.110}% 241
\BOOKMARK [2][-]{subsection.110.2}{\376\377\000F\000e\000a\000t\000u\000r\000e\000\040\000M\000a\000p\000\040\000a\000n\000d\000\040\000B\000a\000s\000i\000s\000\040\000C\000o\000n\000s\000t\000r\000u\000c\000t\000i\000o\000n}{section.110}% 242
\BOOKMARK [2][-]{subsection.110.3}{\376\377\000R\000i\000e\000m\000a\000n\000n\000i\000a\000n\000\040\000F\000i\000n\000e\000-\000T\000u\000n\000i\000n\000g}{section.110}% 243
\BOOKMARK [2][-]{subsection.110.4}{\376\377\000A\000l\000g\000e\000b\000r\000a\000i\000c\000\040\000Z\000o\000n\000e\000\040\000E\000n\000c\000o\000d\000i\000n\000g}{section.110}% 244
\BOOKMARK [1][-]{section.111}{\376\377\000B\000i\000l\000a\000t\000e\000r\000a\000l\000\040\000U\000G\000T\000:\000\040\000C\000r\000o\000s\000s\000-\000M\000o\000d\000e\000l\000\040\000C\000o\000m\000p\000o\000n\000e\000n\000t\000\040\000I\000n\000t\000e\000r\000c\000h\000a\000n\000g\000e}{}% 245
\BOOKMARK [2][-]{subsection.111.1}{\376\377\000S\000u\000b\000s\000p\000a\000c\000e\000\040\000O\000v\000e\000r\000l\000a\000p\000\040\000M\000e\000t\000r\000i\000c}{section.111}% 246
\BOOKMARK [2][-]{subsection.111.2}{\376\377\000M\000e\000a\000s\000u\000r\000e\000d\000\040\000R\000e\000s\000u\000l\000t\000s}{section.111}% 247
\BOOKMARK [2][-]{subsection.111.3}{\376\377\000W\000i\000e\000l\000a\000n\000d\000t\000-\000H\000o\000f\000f\000m\000a\000n\000\040\000T\000r\000a\000n\000s\000f\000e\000r\000\040\000P\000r\000o\000o\000f}{section.111}% 248
\BOOKMARK [2][-]{subsection.111.4}{\376\377\000T\000h\000e\000\040\0007\000B\000\040\000P\000a\000t\000h}{section.111}% 249
\BOOKMARK [1][-]{section.112}{\376\377\000Z\000o\000n\000e\000\040\000S\000p\000e\000c\000i\000a\000l\000i\000s\000a\000t\000i\000o\000n}{}% 250
\BOOKMARK [2][-]{subsection.112.1}{\376\377\000A\000u\000t\000o\000m\000a\000t\000e\000d\000\040\000V\000e\000r\000i\000f\000i\000c\000a\000t\000i\000o\000n\000\040\000B\000e\000n\000c\000h\000m\000a\000r\000k\000s}{section.112}% 251
\BOOKMARK [1][-]{section.113}{\376\377\000C\000E\000C\000I\000\040\000V\000a\000l\000i\000d\000a\000t\000i\000o\000n}{}% 252
\BOOKMARK [1][-]{section.114}{\376\377\000I\000m\000p\000l\000e\000m\000e\000n\000t\000a\000t\000i\000o\000n}{}% 253
\BOOKMARK [1][-]{section.115}{\376\377\000C\000o\000n\000c\000l\000u\000s\000i\000o\000n}{}% 254
\BOOKMARK [1][-]{section.116}{\376\377\000A\000p\000p\000e\000n\000d\000i\000x\000\040\000A\000:\000\040\000W\000i\000e\000l\000a\000n\000d\000t\000-\000H\000o\000f\000f\000m\000a\000n\000\040\000T\000r\000a\000n\000s\000f\000e\000r\000\040\000P\000r\000o\000o\000f\000,\000\040\000F\000u\000l\000l\000\040\000D\000e\000r\000i\000v\000a\000t\000i\000o\000n}{}% 255
\BOOKMARK [1][-]{section.117}{\376\377\000A\000p\000p\000e\000n\000d\000i\000x\000\040\000B\000:\000\040\000D\000e\000t\000a\000i\000l\000e\000d\000\040\000B\000e\000n\000c\000h\000m\000a\000r\000k\000\040\000M\000e\000t\000h\000o\000d\000o\000l\000o\000g\000y}{}% 256
\BOOKMARK [2][-]{subsection.117.1}{\376\377\000A\000u\000t\000o\000m\000a\000t\000e\000d\000\040\000V\000e\000r\000i\000f\000i\000c\000a\000t\000i\000o\000n\000\040\000P\000r\000o\000t\000o\000c\000o\000l}{section.117}% 257
\BOOKMARK [2][-]{subsection.117.2}{\376\377\000H\000y\000p\000e\000r\000t\000e\000n\000s\000o\000r\000i\000z\000e\000\040\000V\000a\000l\000i\000d\000a\000t\000i\000o\000n}{section.117}% 258
\BOOKMARK [1][-]{section.118}{\376\377\000A\000p\000p\000e\000n\000d\000i\000x\000\040\000C\000:\000\040\000C\000r\000o\000s\000s\000-\000P\000r\000o\000b\000l\000e\000m\000\040\000T\000r\000a\000n\000s\000f\000e\000r\000,\000\040\000U\000G\000T\000\040\000a\000n\000d\000\040\000t\000h\000e\000\040\000R\000i\000e\000m\000a\000n\000n\000\040\000H\000y\000p\000o\000t\000h\000e\000s\000i\000s}{}% 259
\BOOKMARK [1][-]{section.119}{\376\377\000R\000e\000l\000a\000t\000e\000d\000\040\000W\000o\000r\000k}{}% 260
\BOOKMARK [2][-]{subsection.119.1}{\376\377\000R\000e\000p\000r\000e\000s\000e\000n\000t\000a\000t\000i\000o\000n\000\040\000A\000l\000i\000g\000n\000m\000e\000n\000t}{section.119}% 261
\BOOKMARK [2][-]{subsection.119.2}{\376\377\000G\000r\000a\000s\000s\000m\000a\000n\000n\000\040\000M\000a\000n\000i\000f\000o\000l\000d\000\040\000O\000p\000t\000i\000m\000i\000s\000a\000t\000i\000o\000n}{section.119}% 262
\BOOKMARK [2][-]{subsection.119.3}{\376\377\000K\000n\000o\000w\000l\000e\000d\000g\000e\000\040\000S\000p\000e\000c\000i\000a\000l\000i\000s\000a\000t\000i\000o\000n}{section.119}% 263
\BOOKMARK [1][-]{section.120}{\376\377\000E\000x\000t\000e\000n\000d\000e\000d\000\040\000D\000i\000s\000c\000u\000s\000s\000i\000o\000n}{}% 264
\BOOKMARK [2][-]{subsection.120.1}{\376\377\000W\000h\000y\000\040\000D\000o\000e\000s\000\040\000U\000G\000T\000\040\000W\000o\000r\000k\000?}{section.120}% 265
\BOOKMARK [2][-]{subsection.120.2}{\376\377\000L\000i\000m\000i\000t\000a\000t\000i\000o\000n\000s}{section.120}% 266
\BOOKMARK [2][-]{subsection.120.3}{\376\377\000E\000x\000t\000e\000n\000d\000e\000d\000\040\000Z\000o\000n\000e\000\040\000A\000n\000a\000l\000y\000s\000i\000s\000:\000\040\000A\000\040\000T\000w\000o\000-\000D\000i\000m\000e\000n\000s\000i\000o\000n\000a\000l\000\040\000F\000r\000a\000m\000e\000w\000o\000r\000k\000\040\000\050\000N\000e\000w\000\051}{section.120}% 267
\BOOKMARK [2][-]{subsection.120.4}{\376\377\000F\000u\000t\000u\000r\000e\000\040\000D\000i\000r\000e\000c\000t\000i\000o\000n\000s}{section.120}% 268
\BOOKMARK [1][-]{section.121}{\376\377\000V\000e\000r\000i\000f\000i\000c\000a\000t\000i\000o\000n\000\040\000S\000u\000m\000m\000a\000r\000y}{}% 269
\BOOKMARK [2][-]{subsection.121.1}{\376\377\000E\000m\000p\000i\000r\000i\000c\000a\000l\000\040\000s\000c\000o\000p\000e\000\040\000o\000f\000\040\000t\000h\000e\000\040\000s\000e\000m\000a\000n\000t\000i\000c\000-\000b\000a\000s\000i\000s\000\040\000r\000e\000a\000d\000i\000n\000g}{section.121}% 270
\BOOKMARK [2][-]{subsection.121.2}{\376\377\000C\000r\000o\000s\000s\000-\000m\000o\000d\000e\000l\000\040\000r\000e\000p\000r\000e\000s\000e\000n\000t\000a\000t\000i\000o\000n\000a\000l\000\040\000a\000l\000i\000g\000n\000m\000e\000n\000t\000:\000\040\000a\000\040\000s\000e\000p\000a\000r\000a\000t\000e\000\040\000q\000u\000e\000s\000t\000i\000o\000n}{section.121}% 271
\BOOKMARK [2][-]{subsection.121.3}{\376\377\000C\000o\000o\000r\000d\000i\000n\000a\000t\000e\000-\000l\000e\000v\000e\000l\000\040\000d\000i\000r\000e\000c\000t\000i\000o\000n\000\040\000s\000t\000r\000u\000c\000t\000u\000r\000e\000:\000\040\000w\000h\000e\000r\000e\000\040\000z\000o\000n\000e\000s\000\040\000a\000c\000t\000u\000a\000l\000l\000y\000\040\000l\000i\000v\000e}{section.121}% 272
\BOOKMARK [2][-]{subsection.121.4}{\376\377\000H\000a\000r\000d\000e\000n\000i\000n\000g\000\040\000t\000h\000e\000\040\000c\000o\000o\000r\000d\000i\000n\000a\000t\000e\000-\000l\000e\000v\000e\000l\000\040\000r\000e\000a\000d\000i\000n\000g\000:\000\040\000a\000n\000\040\000e\000x\000t\000e\000n\000s\000i\000v\000e\000\040\000b\000a\000t\000t\000e\000r\000y}{section.121}% 273
\BOOKMARK [2][-]{subsection.121.5}{\376\377\000U\000p\000d\000a\000t\000e\000d\000\040\000E\000v\000i\000d\000e\000n\000c\000e\000\040\000\050\000M\000a\000y\000\040\0002\0000\0002\0006\000\051}{section.121}% 274
\BOOKMARK [1][-]{section.122}{\376\377\000P\000a\000p\000e\000r\000\040\000X\000I\000I\000:\000\040\000N\000a\000t\000i\000v\000e\000\040\000G\000e\000o\000d\000e\000s\000i\000c\000\040\000T\000r\000a\000i\000n\000i\000n\000g}{}% 275
\BOOKMARK [1][-]{section.123}{\376\377\000N\000a\000t\000i\000v\000e\000L\000i\000n\000e\000a\000r\000\040\000A\000r\000c\000h\000i\000t\000e\000c\000t\000u\000r\000e}{}% 276
\BOOKMARK [2][-]{subsection.123.1}{\376\377\000M\000o\000t\000i\000v\000a\000t\000i\000o\000n}{section.123}% 277
\BOOKMARK [2][-]{subsection.123.2}{\376\377\000A\000r\000c\000h\000i\000t\000e\000c\000t\000u\000r\000e}{section.123}% 278
\BOOKMARK [2][-]{subsection.123.3}{\376\377\000R\000i\000e\000m\000a\000n\000n\000i\000a\000n\000A\000d\000a\000m\000W\000\040\000w\000i\000t\000h\000\040\000Q\000R\000\040\000R\000e\000t\000r\000a\000c\000t\000i\000o\000n}{section.123}% 279
\BOOKMARK [2][-]{subsection.123.4}{\376\377\000T\000h\000e\000o\000r\000e\000t\000i\000c\000a\000l\000\040\000P\000r\000o\000p\000e\000r\000t\000i\000e\000s}{section.123}% 280
\BOOKMARK [1][-]{section.124}{\376\377\000K\000E\000x\000p\000a\000n\000s\000i\000o\000n\000\040\000S\000c\000h\000e\000d\000u\000l\000e\000r}{}% 281
\BOOKMARK [1][-]{section.125}{\376\377\000M\000e\000a\000s\000u\000r\000e\000d\000\040\000R\000e\000s\000u\000l\000t\000s}{}% 282
\BOOKMARK [2][-]{subsection.125.1}{\376\377\0001\000.\0005\000B\000\040\000S\000c\000a\000l\000e\000,\000\040\000F\000F\000N\000\040\000D\000o\000w\000n\000\040\000[\0001\0005\0003\0006\000,\000\040\0008\0009\0006\0000\000]}{section.125}% 283
\BOOKMARK [2][-]{subsection.125.2}{\376\377\0001\000.\0005\000B\000\040\000S\000c\000a\000l\000e\000,\000\040\000Q\000\137\000p\000r\000o\000j\000\040\000[\0001\0005\0003\0006\000,\000\040\0001\0005\0003\0006\000]}{section.125}% 284
\BOOKMARK [2][-]{subsection.125.3}{\376\377\0007\000B\000\040\000S\000c\000a\000l\000e\000,\000\040\000Q\000\137\000p\000r\000o\000j\000\040\000[\0003\0005\0008\0004\000,\000\040\0003\0005\0008\0004\000]\000\040\000\050\000E\000C\0002\000\040\000L\0004\0000\000S\000\051}{section.125}% 285
\BOOKMARK [1][-]{section.126}{\376\377\000A\000n\000a\000l\000y\000t\000i\000c\000\040\000k\000*\000\040\000v\000i\000a\000\040\000A\000t\000t\000n\000R\000e\000s\000\040\000P\000h\000a\000s\000e\000\040\000T\000r\000a\000n\000s\000i\000t\000i\000o\000n}{}% 286
\BOOKMARK [1][-]{section.127}{\376\377\000A\000u\000t\000o\000m\000a\000t\000e\000d\000\040\000V\000e\000r\000i\000f\000i\000c\000a\000t\000i\000o\000n\000\040\000B\000e\000n\000c\000h\000m\000a\000r\000k\000s}{}% 287
\BOOKMARK [1][-]{section.128}{\376\377\000I\000m\000p\000l\000e\000m\000e\000n\000t\000a\000t\000i\000o\000n}{}% 288
\BOOKMARK [1][-]{section.129}{\376\377\000R\000e\000l\000a\000t\000e\000d\000\040\000W\000o\000r\000k}{}% 289
\BOOKMARK [1][-]{section.130}{\376\377\000R\000e\000l\000a\000t\000e\000d\000\040\000W\000o\000r\000k}{}% 290
\BOOKMARK [1][-]{section.131}{\376\377\000E\000x\000t\000e\000n\000d\000e\000d\000\040\000D\000i\000s\000c\000u\000s\000s\000i\000o\000n}{}% 291
\BOOKMARK [2][-]{subsection.131.1}{\376\377\000W\000h\000y\000\040\000D\000o\000e\000s\000\040\000I\000t\000\040\000W\000o\000r\000k\000?}{section.131}% 292
\BOOKMARK [2][-]{subsection.131.2}{\376\377\000L\000i\000m\000i\000t\000a\000t\000i\000o\000n\000s}{section.131}% 293
\BOOKMARK [2][-]{subsection.131.3}{\376\377\000F\000u\000t\000u\000r\000e\000\040\000D\000i\000r\000e\000c\000t\000i\000o\000n\000s}{section.131}% 294
\BOOKMARK [1][-]{section.132}{\376\377\000A\000p\000p\000e\000n\000d\000i\000x\000\040\000A\000:\000\040\000M\000a\000t\000h\000e\000m\000a\000t\000i\000c\000a\000l\000\040\000F\000o\000u\000n\000d\000a\000t\000i\000o\000n\000s\000\040\000o\000f\000\040\000N\000a\000t\000i\000v\000e\000L\000i\000n\000e\000a\000r}{}% 295
\BOOKMARK [2][-]{subsection.132.1}{\376\377\000S\000V\000D\000\040\000S\000p\000e\000c\000t\000r\000u\000m\000\040\000o\000f\000\040\000T\000r\000a\000i\000n\000e\000d\000\040\000W\000e\000i\000g\000h\000t\000s}{section.132}% 296
\BOOKMARK [2][-]{subsection.132.2}{\376\377\000G\000r\000a\000s\000s\000m\000a\000n\000n\000\040\000M\000a\000n\000i\000f\000o\000l\000d\000\040\000a\000n\000d\000\040\000S\000t\000i\000e\000f\000e\000l\000\040\000M\000a\000n\000i\000f\000o\000l\000d}{section.132}% 297
\BOOKMARK [2][-]{subsection.132.3}{\376\377\000Q\000R\000\040\000R\000e\000t\000r\000a\000c\000t\000i\000o\000n}{section.132}% 298
\BOOKMARK [2][-]{subsection.132.4}{\376\377\000C\000o\000n\000v\000e\000r\000g\000e\000n\000c\000e\000\040\000A\000n\000a\000l\000y\000s\000i\000s}{section.132}% 299
\BOOKMARK [2][-]{subsection.132.5}{\376\377\000P\000a\000r\000a\000m\000e\000t\000e\000r\000\040\000E\000f\000f\000i\000c\000i\000e\000n\000c\000y\000\040\000A\000n\000a\000l\000y\000s\000i\000s}{section.132}% 300
\BOOKMARK [1][-]{section.133}{\376\377\000A\000p\000p\000e\000n\000d\000i\000x\000\040\000B\000:\000\040\000K\000E\000x\000p\000a\000n\000s\000i\000o\000n\000\040\000S\000c\000h\000e\000d\000u\000l\000e\000r}{}% 301
\BOOKMARK [2][-]{subsection.133.1}{\376\377\000W\000h\000y\000\040\000K\000E\000x\000p\000a\000n\000s\000i\000o\000n\000\040\000W\000o\000r\000k\000s}{section.133}% 302
\BOOKMARK [1][-]{section.134}{\376\377\000P\000a\000p\000e\000r\000\040\000X\000I\000I\000I\000:\000\040\000S\000a\000f\000e\000\040\000O\000G\000D}{}% 303
\BOOKMARK [1][-]{section.135}{\376\377\000T\000h\000e\000\040\000S\000a\000f\000e\000t\000y\000\040\000P\000r\000o\000b\000l\000e\000m}{}% 304
\BOOKMARK [1][-]{section.136}{\376\377\000T\000h\000e\000\040\000S\000a\000f\000e\000\040\000S\000u\000b\000s\000p\000a\000c\000e\000\040\000P\000r\000o\000j\000e\000c\000t\000o\000r}{}% 305
\BOOKMARK [2][-]{subsection.136.1}{\376\377\000C\000o\000n\000s\000t\000r\000u\000c\000t\000i\000o\000n}{section.136}% 306
\BOOKMARK [2][-]{subsection.136.2}{\376\377\000T\000h\000e\000\040\000G\000e\000o\000m\000e\000t\000r\000i\000c\000\040\000G\000u\000a\000r\000a\000n\000t\000e\000e}{section.136}% 307
\BOOKMARK [1][-]{section.137}{\376\377\000M\000u\000l\000t\000i\000-\000S\000t\000e\000p\000\040\000O\000G\000D\000\040\000C\000h\000a\000i\000n\000s}{}% 308
\BOOKMARK [1][-]{section.138}{\376\377\000M\000I\000K\000U\000\040\000C\000r\000e\000a\000t\000i\000v\000i\000t\000y\000\040\000B\000e\000n\000c\000h\000m\000a\000r\000k\000\040\000\050\000M\000C\000B\000\051}{}% 309
\BOOKMARK [1][-]{section.139}{\376\377\000M\000e\000a\000s\000u\000r\000e\000d\000\040\000R\000e\000s\000u\000l\000t\000s}{}% 310
\BOOKMARK [2][-]{subsection.139.1}{\376\377\000S\000a\000f\000e\000t\000y\000\040\000\050\000P\000r\000i\000m\000a\000r\000y\000\040\000R\000e\000s\000u\000l\000t\000\051}{section.139}% 311
\BOOKMARK [2][-]{subsection.139.2}{\376\377\000M\000u\000l\000t\000i\000-\000S\000t\000e\000p\000\040\000C\000h\000a\000i\000n\000\040\000Q\000u\000a\000l\000i\000t\000y}{section.139}% 312
\BOOKMARK [1][-]{section.140}{\376\377\000A\000u\000t\000o\000m\000a\000t\000e\000d\000\040\000V\000e\000r\000i\000f\000i\000c\000a\000t\000i\000o\000n\000\040\000B\000e\000n\000c\000h\000m\000a\000r\000k\000s}{}% 313
\BOOKMARK [1][-]{section.141}{\376\377\000I\000m\000p\000l\000e\000m\000e\000n\000t\000a\000t\000i\000o\000n}{}% 314
\BOOKMARK [1][-]{section.142}{\376\377\000R\000e\000l\000a\000t\000e\000d\000\040\000W\000o\000r\000k}{}% 315
\BOOKMARK [2][-]{subsection.142.1}{\376\377\000A\000I\000\040\000S\000a\000f\000e\000t\000y\000\040\000M\000e\000t\000h\000o\000d\000s}{section.142}% 316
\BOOKMARK [2][-]{subsection.142.2}{\376\377\000O\000r\000t\000h\000o\000g\000o\000n\000a\000l\000\040\000P\000r\000o\000j\000e\000c\000t\000i\000o\000n\000\040\000M\000e\000t\000h\000o\000d\000s}{section.142}% 317
\BOOKMARK [2][-]{subsection.142.3}{\376\377\000C\000r\000e\000a\000t\000i\000v\000i\000t\000y\000\040\000M\000e\000t\000r\000i\000c\000s}{section.142}% 318
\BOOKMARK [1][-]{section.143}{\376\377\000E\000x\000t\000e\000n\000d\000e\000d\000\040\000D\000i\000s\000c\000u\000s\000s\000i\000o\000n}{}% 319
\BOOKMARK [2][-]{subsection.143.1}{\376\377\000T\000h\000e\000\040\000G\000e\000o\000m\000e\000t\000r\000y\000\040\000o\000f\000\040\000S\000a\000f\000e\000t\000y}{section.143}% 320
\BOOKMARK [2][-]{subsection.143.2}{\376\377\000C\000o\000l\000l\000a\000t\000e\000r\000a\000l\000\040\000D\000a\000m\000a\000g\000e\000\040\000v\000s\000\040\000S\000a\000f\000e\000t\000y}{section.143}% 321
\BOOKMARK [2][-]{subsection.143.3}{\376\377\000U\000n\000i\000v\000e\000r\000s\000a\000l\000i\000t\000y}{section.143}% 322
\BOOKMARK [1][-]{section.144}{\376\377\000A\000p\000p\000e\000n\000d\000i\000x\000\040\000A\000:\000\040\000G\000e\000o\000m\000e\000t\000r\000i\000c\000\040\000S\000a\000f\000e\000t\000y\000,\000\040\000C\000o\000m\000p\000l\000e\000t\000e\000\040\000P\000r\000o\000o\000f\000\040\000a\000n\000d\000\040\000A\000n\000a\000l\000y\000s\000i\000s}{}% 323
\BOOKMARK [2][-]{subsection.144.1}{\376\377\000P\000r\000o\000p\000e\000r\000t\000i\000e\000s\000\040\000o\000f\000\040\000t\000h\000e\000\040\000S\000a\000f\000e\000\040\000P\000r\000o\000j\000e\000c\000t\000o\000r}{section.144}% 324
\BOOKMARK [2][-]{subsection.144.2}{\376\377\000W\000h\000y\000\040\000E\000m\000p\000i\000r\000i\000c\000a\000l\000\040\000S\000a\000f\000e\000t\000y\000\040\000M\000e\000t\000h\000o\000d\000s\000\040\000F\000a\000i\000l}{section.144}% 325
\BOOKMARK [2][-]{subsection.144.3}{\376\377\000C\000o\000n\000s\000t\000r\000u\000c\000t\000i\000o\000n\000\040\000o\000f\000\040\000t\000h\000e\000\040\000F\000o\000r\000b\000i\000d\000d\000e\000n\000\040\000S\000u\000b\000s\000p\000a\000c\000e}{section.144}% 326
\BOOKMARK [2][-]{subsection.144.4}{\376\377\000R\000e\000l\000a\000t\000i\000o\000n\000s\000h\000i\000p\000\040\000t\000o\000\040\000S\000n\000i\000p\000e\000\040\000\050\000P\000a\000p\000e\000r\000\040\000X\000I\000V\000\051}{section.144}% 327
\BOOKMARK [2][-]{subsection.144.5}{\376\377\000S\000c\000a\000l\000e\000\040\000I\000n\000d\000e\000p\000e\000n\000d\000e\000n\000c\000e\000\040\000o\000f\000\040\000t\000h\000e\000\040\000S\000a\000f\000e\000t\000y\000\040\000G\000u\000a\000r\000a\000n\000t\000e\000e}{section.144}% 328
\BOOKMARK [2][-]{subsection.144.6}{\376\377\000C\000o\000m\000p\000u\000t\000a\000t\000i\000o\000n\000a\000l\000\040\000C\000o\000s\000t}{section.144}% 329
\BOOKMARK [1][-]{section.145}{\376\377\000A\000p\000p\000e\000n\000d\000i\000x\000\040\000B\000:\000\040\000M\000I\000K\000U\000\040\000C\000r\000e\000a\000t\000i\000v\000i\000t\000y\000\040\000B\000e\000n\000c\000h\000m\000a\000r\000k\000,\000\040\000D\000e\000t\000a\000i\000l\000e\000d\000\040\000M\000e\000t\000h\000o\000d\000o\000l\000o\000g\000y}{}% 330
\BOOKMARK [2][-]{subsection.145.1}{\376\377\000D\0001\000:\000\040\000D\000i\000v\000e\000r\000g\000e\000n\000t\000\040\000T\000h\000i\000n\000k\000i\000n\000g\000\040\000\050\000A\000l\000t\000e\000r\000n\000a\000t\000i\000v\000e\000\040\000U\000s\000e\000s\000\040\000T\000e\000s\000t\000\051}{section.145}% 331
\BOOKMARK [2][-]{subsection.145.2}{\376\377\000D\0002\000:\000\040\000A\000s\000s\000o\000c\000i\000a\000t\000i\000v\000e\000\040\000B\000r\000e\000a\000d\000t\000h\000\040\000\050\000R\000e\000m\000o\000t\000e\000\040\000A\000s\000s\000o\000c\000i\000a\000t\000e\000s\000\040\000+\000\040\000C\000o\000n\000c\000e\000p\000t\000\040\000B\000l\000e\000n\000d\000i\000n\000g\000\051}{section.145}% 332
\BOOKMARK [2][-]{subsection.145.3}{\376\377\000D\0003\000:\000\040\000N\000a\000r\000r\000a\000t\000i\000v\000e\000\040\000O\000r\000i\000g\000i\000n\000a\000l\000i\000t\000y\000\040\000\050\000S\000t\000o\000r\000y\000\040\000G\000e\000n\000e\000r\000a\000t\000i\000o\000n\000\040\000D\000i\000v\000e\000r\000s\000i\000t\000y\000\051}{section.145}% 333
\BOOKMARK [2][-]{subsection.145.4}{\376\377\000D\0004\000:\000\040\000C\000o\000n\000s\000t\000r\000a\000i\000n\000t\000\040\000C\000r\000e\000a\000t\000i\000v\000i\000t\000y\000\040\000\050\000L\000i\000p\000o\000g\000r\000a\000m\000,\000\040\000R\000h\000y\000m\000e\000,\000\040\000W\000o\000r\000d\000\040\000C\000o\000u\000n\000t\000\051}{section.145}% 334
\BOOKMARK [2][-]{subsection.145.5}{\376\377\000D\0005\000:\000\040\000M\000e\000t\000a\000p\000h\000o\000r\000i\000c\000a\000l\000\040\000T\000h\000i\000n\000k\000i\000n\000g\000\040\000\050\000n\000e\000w\000\040\000M\000e\000t\000a\000p\000h\000o\000r\000\040\000G\000e\000n\000e\000r\000a\000t\000i\000o\000n\000\051}{section.145}% 335
\BOOKMARK [2][-]{subsection.145.6}{\376\377\000C\000o\000m\000p\000o\000s\000i\000t\000e\000\040\000S\000c\000o\000r\000i\000n\000g}{section.145}% 336
\BOOKMARK [2][-]{subsection.145.7}{\376\377\000U\000p\000d\000a\000t\000e\000d\000\040\000E\000v\000i\000d\000e\000n\000c\000e\000\040\000\050\000M\000a\000y\000\040\0002\0000\0002\0006\000\051}{section.145}% 337
\BOOKMARK [1][-]{section.146}{\376\377\000P\000a\000p\000e\000r\000\040\000X\000I\000V\000:\000\040\000B\000e\000h\000a\000v\000i\000o\000r\000a\000l\000\040\000G\000e\000o\000d\000e\000s\000i\000c\000\040\000S\000n\000i\000p\000i\000n\000g}{}% 338
\BOOKMARK [1][-]{section.147}{\376\377\000T\000h\000e\000\040\000B\000e\000h\000a\000v\000i\000o\000r\000a\000l\000\040\000C\000o\000o\000r\000d\000i\000n\000a\000t\000e\000\040\000H\000y\000p\000o\000t\000h\000e\000s\000i\000s}{}% 339
\BOOKMARK [1][-]{section.148}{\376\377\000C\000a\000t\000e\000g\000o\000r\000y\000\040\000P\000r\000o\000b\000i\000n\000g}{}% 340
\BOOKMARK [1][-]{section.149}{\376\377\000G\000r\000e\000e\000d\000y\000\040\000S\000e\000l\000e\000c\000t\000i\000o\000n\000\040\000w\000i\000t\000h\000\040\000B\000e\000n\000i\000g\000n\000\040\000B\000u\000d\000g\000e\000t}{}% 341
\BOOKMARK [1][-]{section.150}{\376\377\000M\000e\000a\000s\000u\000r\000e\000d\000\040\000R\000e\000s\000u\000l\000t\000s}{}% 342
\BOOKMARK [2][-]{subsection.150.1}{\376\377\000P\000e\000r\000-\000C\000a\000t\000e\000g\000o\000r\000y\000\040\000S\000p\000e\000c\000i\000f\000i\000c\000i\000t\000y\000\040\000\050\0001\0003\0005\000M\000\051}{section.150}% 343
\BOOKMARK [2][-]{subsection.150.2}{\376\377\000G\000r\000e\000e\000d\000y\000\040\000S\000e\000l\000e\000c\000t\000i\000o\000n\000\040\000w\000i\000t\000h\000\040\0002\000\045\000\040\000B\000u\000d\000g\000e\000t\000\040\000\050\0001\000.\0005\000B\000\051}{section.150}% 344
\BOOKMARK [1][-]{section.151}{\376\377\000P\000r\000e\000/\000P\000o\000s\000t\000\040\000C\000O\000G\000\040\000P\000i\000p\000e\000l\000i\000n\000e}{}% 345
\BOOKMARK [1][-]{section.152}{\376\377\000A\000u\000t\000o\000m\000a\000t\000e\000d\000\040\000V\000e\000r\000i\000f\000i\000c\000a\000t\000i\000o\000n\000\040\000B\000e\000n\000c\000h\000m\000a\000r\000k\000s}{}% 346
\BOOKMARK [1][-]{section.153}{\376\377\000I\000m\000p\000l\000e\000m\000e\000n\000t\000a\000t\000i\000o\000n}{}% 347
\BOOKMARK [1][-]{section.154}{\376\377\000R\000e\000l\000a\000t\000e\000d\000\040\000W\000o\000r\000k}{}% 348
\BOOKMARK [1][-]{section.155}{\376\377\000E\000x\000t\000e\000n\000d\000e\000d\000\040\000D\000i\000s\000c\000u\000s\000s\000i\000o\000n}{}% 349
\BOOKMARK [2][-]{subsection.155.1}{\376\377\000T\000h\000e\000\040\000S\000p\000e\000c\000i\000f\000i\000c\000i\000t\000y\000\040\000C\000h\000a\000l\000l\000e\000n\000g\000e}{section.155}% 350
\BOOKMARK [2][-]{subsection.155.2}{\376\377\000C\000a\000t\000e\000g\000o\000r\000y\000-\000S\000p\000e\000c\000i\000f\000i\000c\000\040\000v\000s\000\040\000U\000n\000i\000v\000e\000r\000s\000a\000l}{section.155}% 351
\BOOKMARK [2][-]{subsection.155.3}{\376\377\000I\000n\000t\000e\000g\000r\000a\000t\000i\000o\000n\000\040\000w\000i\000t\000h\000\040\000L\000i\000v\000i\000n\000g\000\040\000M\000o\000d\000e\000l}{section.155}% 352
\BOOKMARK [1][-]{section.156}{\376\377\000A\000p\000p\000e\000n\000d\000i\000x\000\040\000A\000:\000\040\000C\000o\000m\000p\000l\000e\000t\000e\000\040\000B\000e\000h\000a\000v\000i\000o\000r\000a\000l\000\040\000T\000a\000x\000o\000n\000o\000m\000y\000\040\000a\000n\000d\000\040\000P\000r\000o\000b\000i\000n\000g\000\040\000P\000r\000o\000t\000o\000c\000o\000l}{}% 353
\BOOKMARK [2][-]{subsection.156.1}{\376\377\000B\000e\000h\000a\000v\000i\000o\000r\000a\000l\000\040\000C\000a\000t\000e\000g\000o\000r\000i\000e\000s\000\040\000a\000n\000d\000\040\000H\000a\000r\000m\000\040\000D\000e\000f\000i\000n\000i\000t\000i\000o\000n\000s}{section.156}% 354
\BOOKMARK [2][-]{subsection.156.2}{\376\377\000P\000r\000o\000b\000i\000n\000g\000\040\000P\000r\000o\000t\000o\000c\000o\000l}{section.156}% 355
\BOOKMARK [2][-]{subsection.156.3}{\376\377\000S\000p\000e\000c\000i\000f\000i\000c\000i\000t\000y\000\040\000C\000a\000l\000c\000u\000l\000a\000t\000i\000o\000n}{section.156}% 356
\BOOKMARK [2][-]{subsection.156.4}{\376\377\000C\000o\000o\000r\000d\000i\000n\000a\000t\000\040\000e\000\040\000S\000e\000l\000e\000c\000t\000i\000o\000n\000\040\000A\000l\000g\000o\000r\000i\000t\000h\000m}{section.156}% 357
\BOOKMARK [2][-]{subsection.156.5}{\376\377\000W\000h\000y\000\040\000S\000o\000m\000e\000\040\000C\000a\000t\000e\000g\000o\000r\000i\000e\000s\000\040\000H\000a\000v\000e\000\040\000L\000o\000w\000\040\000S\000p\000e\000c\000i\000f\000i\000c\000i\000t\000y}{section.156}% 358
\BOOKMARK [1][-]{section.157}{\376\377\000A\000p\000p\000e\000n\000d\000i\000x\000\040\000B\000:\000\040\000C\000o\000l\000l\000a\000t\000e\000r\000a\000l\000\040\000D\000a\000m\000a\000g\000e\000\040\000A\000n\000a\000l\000y\000s\000i\000s}{}% 359
\BOOKMARK [2][-]{subsection.157.1}{\376\377\000M\000e\000a\000s\000u\000r\000i\000n\000g\000\040\000B\000e\000n\000i\000g\000n\000\040\000I\000m\000p\000a\000c\000t}{section.157}% 360
\BOOKMARK [2][-]{subsection.157.2}{\376\377\000T\000h\000e\000\040\000S\000p\000e\000c\000i\000f\000i\000c\000i\000t\000y\000-\000C\000o\000v\000e\000r\000a\000g\000e\000\040\000T\000r\000a\000d\000e\000o\000f\000f}{section.157}% 361
\BOOKMARK [2][-]{subsection.157.3}{\376\377\000U\000p\000d\000a\000t\000e\000d\000\040\000E\000v\000i\000d\000e\000n\000c\000e\000\040\000\050\000M\000a\000y\000\040\0002\0000\0002\0006\000\051}{section.157}% 362
\BOOKMARK [1][-]{section.158}{\376\377\000P\000a\000p\000e\000r\000\040\000X\000V\000:\000\040\000C\000O\000G\000\040\000+\000\040\000T\000E\000H}{}% 363
\BOOKMARK [1][-]{section.159}{\376\377\000C\000O\000G\000:\000\040\000T\000h\000e\000\040\000L\000i\000v\000i\000n\000g\000\040\000M\000a\000n\000i\000f\000o\000l\000d}{}% 364
\BOOKMARK [2][-]{subsection.159.1}{\376\377\000J\000a\000c\000o\000b\000i\000\040\000M\000e\000t\000r\000i\000c\000\040\000I\000n\000t\000e\000g\000r\000a\000t\000i\000o\000n}{section.159}% 365
\BOOKMARK [2][-]{subsection.159.2}{\376\377\0004\000-\000T\000i\000e\000r\000\040\000Q\000u\000e\000r\000y\000\040\000R\000e\000c\000o\000g\000n\000i\000t\000i\000o\000n}{section.159}% 366
\BOOKMARK [2][-]{subsection.159.3}{\376\377\000.\000M\000I\000K\000U\000\040\000F\000i\000l\000e\000\040\000F\000o\000r\000m\000a\000t}{section.159}% 367
\BOOKMARK [1][-]{section.160}{\376\377\000T\000E\000H\000:\000\040\000T\000a\000n\000g\000e\000n\000t\000\040\000E\000i\000g\000e\000n\000v\000a\000l\000u\000e\000\040\000H\000a\000r\000m\000o\000n\000i\000c\000s}{}% 368
\BOOKMARK [2][-]{subsection.160.1}{\376\377\000D\000e\000t\000e\000c\000t\000i\000o\000n\000\040\000M\000e\000c\000h\000a\000n\000i\000s\000m}{section.160}% 369
\BOOKMARK [2][-]{subsection.160.2}{\376\377\000M\000u\000l\000t\000i\000-\000C\000a\000t\000e\000g\000o\000r\000y\000\040\000D\000e\000t\000e\000c\000t\000i\000o\000n\000\040\000R\000e\000s\000u\000l\000t\000s}{section.160}% 370
\BOOKMARK [2][-]{subsection.160.3}{\376\377\000T\000h\000r\000e\000s\000h\000o\000l\000d\000\040\000E\000n\000t\000a\000n\000g\000l\000e\000m\000e\000n\000t\000\040\000P\000r\000o\000b\000l\000e\000m}{section.160}% 371
\BOOKMARK [1][-]{section.161}{\376\377\000A\000t\000t\000n\000R\000e\000s\000\040\000P\000h\000a\000s\000e\000\040\000T\000r\000a\000n\000s\000i\000t\000i\000o\000n}{}% 372
\BOOKMARK [1][-]{section.162}{\376\377\000I\000S\000A\000G\000I\000:\000\040\000T\000h\000e\000\040\000C\000o\000m\000p\000l\000e\000t\000e\000\040\000L\000i\000v\000i\000n\000g\000\040\000M\000o\000d\000e\000l}{}% 373
\BOOKMARK [1][-]{section.163}{\376\377\000A\000u\000t\000o\000m\000a\000t\000e\000d\000\040\000V\000e\000r\000i\000f\000i\000c\000a\000t\000i\000o\000n\000\040\000B\000e\000n\000c\000h\000m\000a\000r\000k\000s}{}% 374
\BOOKMARK [1][-]{section.164}{\376\377\000I\000m\000p\000l\000e\000m\000e\000n\000t\000a\000t\000i\000o\000n}{}% 375
\BOOKMARK [1][-]{section.165}{\376\377\000R\000e\000l\000a\000t\000e\000d\000\040\000W\000o\000r\000k}{}% 376
\BOOKMARK [2][-]{subsection.165.1}{\376\377\000C\000o\000n\000t\000i\000n\000u\000a\000l\000\040\000L\000e\000a\000r\000n\000i\000n\000g}{section.165}% 377
\BOOKMARK [2][-]{subsection.165.2}{\376\377\000H\000a\000r\000m\000f\000u\000l\000\040\000C\000o\000n\000t\000e\000n\000t\000\040\000D\000e\000t\000e\000c\000t\000i\000o\000n}{section.165}% 378
\BOOKMARK [2][-]{subsection.165.3}{\376\377\000F\000i\000l\000e\000\040\000F\000o\000r\000m\000a\000t\000s\000\040\000f\000o\000r\000\040\000A\000I}{section.165}% 379
\BOOKMARK [1][-]{section.166}{\376\377\000E\000x\000t\000e\000n\000d\000e\000d\000\040\000D\000i\000s\000c\000u\000s\000s\000i\000o\000n}{}% 380
\BOOKMARK [2][-]{subsection.166.1}{\376\377\000T\000h\000e\000\040\000L\000i\000v\000i\000n\000g\000\040\000M\000o\000d\000e\000l\000\040\000P\000a\000r\000a\000d\000i\000g\000m}{section.166}% 381
\BOOKMARK [2][-]{subsection.166.2}{\376\377\000T\000h\000e\000\040\000G\000r\000a\000v\000i\000t\000a\000t\000i\000o\000n\000a\000l\000\040\000A\000n\000a\000l\000o\000g\000y\000:\000\040\000T\000r\000u\000t\000h\000\040\000H\000a\000s\000\040\000M\000a\000s\000s}{section.166}% 382
\BOOKMARK [2][-]{subsection.166.3}{\376\377\000G\000e\000o\000d\000e\000s\000i\000c\000\040\000H\000a\000l\000f\000-\000L\000i\000v\000e\000s\000:\000\040\000T\000i\000m\000e\000\040\000a\000s\000\040\000a\000\040\000R\000e\000g\000u\000l\000a\000r\000i\000z\000e\000r}{section.166}% 383
\BOOKMARK [2][-]{subsection.166.4}{\376\377\000A\000t\000t\000n\000R\000e\000s\000\040\000a\000s\000\040\000U\000n\000i\000v\000e\000r\000s\000a\000l\000\040\000P\000r\000i\000n\000c\000i\000p\000l\000e}{section.166}% 384
\BOOKMARK [2][-]{subsection.166.5}{\376\377\000T\000E\000H\000\040\000a\000n\000d\000\040\000t\000h\000e\000\040\000E\000n\000t\000a\000n\000g\000l\000e\000m\000e\000n\000t\000\040\000F\000r\000o\000n\000t\000i\000e\000r}{section.166}% 385
\BOOKMARK [1][-]{section.167}{\376\377\000A\000p\000p\000e\000n\000d\000i\000x\000\040\000A\000:\000\040\000C\000O\000G\000\040\000M\000e\000t\000r\000i\000c\000\040\000T\000e\000n\000s\000o\000r\000,\000\040\000C\000o\000m\000p\000l\000e\000t\000e\000\040\000D\000e\000r\000i\000v\000a\000t\000i\000o\000n}{}% 386
\BOOKMARK [2][-]{subsection.167.1}{\376\377\000J\000a\000c\000o\000b\000i\000\040\000M\000e\000t\000r\000i\000c\000\040\000f\000r\000o\000m\000\040\000G\000e\000o\000d\000e\000s\000i\000c\000\040\000D\000e\000v\000i\000a\000t\000i\000o\000n}{section.167}% 387
\BOOKMARK [2][-]{subsection.167.2}{\376\377\000O\000u\000t\000e\000r\000-\000P\000r\000o\000d\000u\000c\000t\000\040\000U\000p\000d\000a\000t\000e\000\040\000R\000u\000l\000e}{section.167}% 388
\BOOKMARK [2][-]{subsection.167.3}{\376\377\000P\000o\000s\000i\000t\000i\000v\000e\000\040\000D\000e\000f\000i\000n\000i\000t\000e\000n\000e\000s\000s\000\040\000G\000u\000a\000r\000a\000n\000t\000e\000e}{section.167}% 389
\BOOKMARK [2][-]{subsection.167.4}{\376\377\000M\000e\000t\000r\000i\000c\000\040\000S\000a\000t\000u\000r\000a\000t\000i\000o\000n\000\040\000A\000n\000a\000l\000y\000s\000i\000s}{section.167}% 390
\BOOKMARK [1][-]{section.168}{\376\377\000A\000p\000p\000e\000n\000d\000i\000x\000\040\000B\000:\000\040\000T\000E\000H\000\040\000D\000e\000t\000e\000c\000t\000i\000o\000n\000,\000\040\000M\000a\000t\000h\000e\000m\000a\000t\000i\000c\000a\000l\000\040\000F\000o\000u\000n\000d\000a\000t\000i\000o\000n\000s}{}% 391
\BOOKMARK [2][-]{subsection.168.1}{\376\377\000F\000o\000r\000b\000i\000d\000d\000e\000n\000\040\000S\000u\000b\000s\000p\000a\000c\000e\000\040\000E\000n\000e\000r\000g\000y}{section.168}% 392
\BOOKMARK [2][-]{subsection.168.2}{\376\377\000R\000O\000C\000\040\000T\000h\000r\000e\000s\000h\000o\000l\000d\000\040\000C\000a\000l\000i\000b\000r\000a\000t\000i\000o\000n}{section.168}% 393
\BOOKMARK [2][-]{subsection.168.3}{\376\377\000W\000h\000y\000\040\000D\000e\000t\000e\000c\000t\000i\000o\000n\000\040\000I\000m\000p\000r\000o\000v\000e\000s\000\040\000w\000i\000t\000h\000\040\000S\000c\000a\000l\000e}{section.168}% 394
\BOOKMARK [2][-]{subsection.168.4}{\376\377\000C\000o\000m\000p\000a\000r\000i\000s\000o\000n\000\040\000w\000i\000t\000h\000\040\000T\000e\000x\000t\000-\000B\000a\000s\000e\000d\000\040\000D\000e\000t\000e\000c\000t\000i\000o\000n}{section.168}% 395
\BOOKMARK [1][-]{section.169}{\376\377\000A\000p\000p\000e\000n\000d\000i\000x\000\040\000C\000:\000\040\000I\000S\000A\000G\000I\000\040\000A\000r\000c\000h\000i\000t\000e\000c\000t\000u\000r\000e\000\040\000a\000n\000d\000\040\000D\000e\000p\000l\000o\000y\000m\000e\000n\000t}{}% 396
\BOOKMARK [2][-]{subsection.169.1}{\376\377\000C\000o\000m\000p\000o\000n\000e\000n\000t\000\040\000I\000n\000t\000e\000g\000r\000a\000t\000i\000o\000n}{section.169}% 397
\BOOKMARK [2][-]{subsection.169.2}{\376\377\000D\000e\000p\000l\000o\000y\000m\000e\000n\000t\000\040\000S\000p\000e\000c\000i\000f\000i\000c\000a\000t\000i\000o\000n\000s}{section.169}% 398
\BOOKMARK [2][-]{subsection.169.3}{\376\377\000.\000M\000I\000K\000U\000\040\000P\000e\000r\000s\000i\000s\000t\000e\000n\000c\000e}{section.169}% 399
\BOOKMARK [2][-]{subsection.169.4}{\376\377\000U\000p\000d\000a\000t\000e\000d\000\040\000E\000v\000i\000d\000e\000n\000c\000e\000\040\000\050\000M\000a\000y\000\040\0002\0000\0002\0006\000\051}{section.169}% 400
\BOOKMARK [1][-]{section.170}{\376\377\000P\000a\000p\000e\000r\000\040\000X\000V\000I\000:\000\040\000A\000G\000T\000\040\000T\000o\000p\000o\000l\000o\000g\000y\000\040\000o\000f\000\040\000Z\000e\000t\000a\000\040\000Z\000e\000r\000o\000s}{}% 401
\BOOKMARK [1][-]{section.171}{\376\377\000I\000n\000t\000r\000o\000d\000u\000c\000t\000i\000o\000n\000:\000\040\000W\000h\000y\000\040\000G\000e\000o\000m\000e\000t\000r\000y\000\040\000f\000o\000r\000\040\000t\000h\000e\000\040\000R\000i\000e\000m\000a\000n\000n\000\040\000H\000y\000p\000o\000t\000h\000e\000s\000i\000s}{}% 402
\BOOKMARK [1][-]{section.172}{\376\377\000T\000h\000e\000\040\000Z\0002\000-\000S\000y\000m\000m\000e\000t\000r\000y\000\040\000F\000r\000a\000m\000e\000w\000o\000r\000k}{}% 403
\BOOKMARK [2][-]{subsection.172.1}{\376\377\000T\000h\000e\000\040\000I\000n\000v\000o\000l\000u\000t\000i\000o\000n}{section.172}% 404
\BOOKMARK [2][-]{subsection.172.2}{\376\377\000T\000h\000e\000\040\000F\000u\000n\000c\000t\000i\000o\000n\000a\000l\000\040\000E\000q\000u\000a\000t\000i\000o\000n}{section.172}% 405
\BOOKMARK [2][-]{subsection.172.3}{\376\377\000P\000r\000i\000m\000e\000\040\000N\000u\000m\000b\000e\000r\000\040\000C\000o\000n\000n\000e\000c\000t\000i\000o\000n}{section.172}% 406
\BOOKMARK [1][-]{section.173}{\376\377\000T\000h\000e\000\040\000F\000e\000a\000t\000u\000r\000e\000\040\000M\000a\000p}{}% 407
\BOOKMARK [2][-]{subsection.173.1}{\376\377\000D\000e\000s\000i\000g\000n\000\040\000P\000r\000i\000n\000c\000i\000p\000l\000e\000s}{section.173}% 408
\BOOKMARK [2][-]{subsection.173.2}{\376\377\000C\000o\000m\000p\000l\000e\000t\000e\000\040\000F\000e\000a\000t\000u\000r\000e\000\040\000S\000p\000e\000c\000i\000f\000i\000c\000a\000t\000i\000o\000n}{section.173}% 409
\BOOKMARK [2][-]{subsection.173.3}{\376\377\000P\000r\000i\000m\000e\000\040\000F\000e\000a\000t\000u\000r\000e\000s\000\040\000a\000t\000\040\000S\000c\000a\000l\000e}{section.173}% 410
\BOOKMARK [1][-]{section.174}{\376\377\000T\000h\000e\000\040\000D\000i\000f\000f\000e\000r\000e\000n\000c\000e\000\040\000O\000p\000e\000r\000a\000t\000o\000r}{}% 411
\BOOKMARK [2][-]{subsection.174.1}{\376\377\000F\000i\000x\000e\000d\000-\000P\000o\000i\000n\000t\000\040\000P\000r\000o\000p\000e\000r\000t\000y}{section.174}% 412
\BOOKMARK [2][-]{subsection.174.2}{\376\377\000R\000a\000n\000k\000-\0001\000\040\000S\000t\000r\000u\000c\000t\000u\000r\000e}{section.174}% 413
\BOOKMARK [1][-]{section.175}{\376\377\000C\000o\000m\000p\000u\000t\000a\000t\000i\000o\000n\000a\000l\000\040\000V\000a\000l\000i\000d\000a\000t\000i\000o\000n}{}% 414
\BOOKMARK [2][-]{subsection.175.1}{\376\377\000S\000c\000a\000l\000e\000\040\0001\000:\000\040\0001\0000\0005\000\040\000Z\000e\000r\000o\000s\000,\000\040\0009\000,\0005\0009\0002\000\040\000P\000r\000i\000m\000e\000s\000\040\000\050\000A\000G\000T\000\040\000v\0003\000\051}{section.175}% 415
\BOOKMARK [2][-]{subsection.175.2}{\376\377\000S\000c\000a\000l\000e\000\040\0002\000:\000\040\0001\000,\0000\0000\0000\000\040\000Z\000e\000r\000o\000s\000,\000\040\0001\0000\000,\0000\0000\0000\000\040\000P\000r\000i\000m\000e\000s\000\040\000\050\000M\000a\000y\000\040\0005\000,\000\040\0002\0000\0002\0006\000\051}{section.175}% 416
\BOOKMARK [2][-]{subsection.175.3}{\376\377\000S\000c\000a\000l\000e\000\040\0003\000:\000\040\0001\000,\0000\0003\0000\000\040\000Z\000e\000r\000o\000s\000,\000\040\0005\0000\000,\0000\0000\0000\000\040\000P\000r\000i\000m\000e\000s\000\040\000\050\000M\000a\000y\000\040\0005\000,\000\040\0002\0000\0002\0006\000\051}{section.175}% 417
\BOOKMARK [2][-]{subsection.175.4}{\376\377\000M\000e\000t\000a\000-\000J\000u\000r\000y\000\040\000V\000a\000l\000i\000d\000a\000t\000i\000o\000n\000\040\000\050\0003\000,\0007\0001\0003\000\040\000P\000o\000i\000n\000t\000s\000\051}{section.175}% 418
\BOOKMARK [1][-]{section.176}{\376\377\000W\000h\000a\000t\000\040\000T\000h\000i\000s\000\040\000P\000r\000o\000v\000e\000s\000\040\000a\000n\000d\000\040\000W\000h\000a\000t\000\040\000R\000e\000m\000a\000i\000n\000s}{}% 419
\BOOKMARK [2][-]{subsection.176.1}{\376\377\000W\000h\000a\000t\000\040\000I\000s\000\040\000P\000r\000o\000v\000e\000n}{section.176}% 420
\BOOKMARK [2][-]{subsection.176.2}{\376\377\000T\000h\000e\000\040\000R\000e\000m\000a\000i\000n\000i\000n\000g\000\040\000A\000n\000a\000l\000y\000t\000i\000c\000\040\000S\000t\000e\000p}{section.176}% 421
\BOOKMARK [2][-]{subsection.176.3}{\376\377\000T\000h\000e\000\040\0001\0000\0005\000-\000Z\000e\000r\000o\000\040\000J\000u\000r\000y\000\040\000V\000e\000r\000d\000i\000c\000t}{section.176}% 422
\BOOKMARK [1][-]{section.177}{\376\377\000I\000m\000p\000l\000e\000m\000e\000n\000t\000a\000t\000i\000o\000n}{}% 423
\BOOKMARK [2][-]{subsection.177.1}{\376\377\000S\000c\000r\000i\000p\000t}{section.177}% 424
\BOOKMARK [2][-]{subsection.177.2}{\376\377\000K\000e\000y\000\040\000P\000a\000r\000a\000m\000e\000t\000e\000r\000s}{section.177}% 425
\BOOKMARK [1][-]{section.178}{\376\377\000T\000h\000e\000\040\000G\000e\000o\000m\000e\000t\000r\000i\000c\000\040\000U\000n\000i\000f\000i\000c\000a\000t\000i\000o\000n}{}% 426
\BOOKMARK [2][-]{subsection.178.1}{\376\377\000U\000p\000d\000a\000t\000e\000d\000\040\000E\000v\000i\000d\000e\000n\000c\000e\000\040\000\050\000M\000a\000y\000\040\0002\0000\0002\0006\000\051}{section.178}% 427
\BOOKMARK [1][-]{section.179}{\376\377\000P\000a\000p\000e\000r\000\040\000X\000V\000I\000I\000:\000\040\000A\000n\000a\000l\000y\000t\000i\000c\000\040\000C\000o\000n\000t\000i\000n\000u\000a\000t\000i\000o\000n\000\040\000M\000a\000n\000i\000f\000o\000l\000d}{}% 428
\BOOKMARK [1][-]{section.180}{\376\377\000I\000n\000t\000r\000o\000d\000u\000c\000t\000i\000o\000n\000:\000\040\000L\000e\000a\000r\000n\000i\000n\000g\000\040\000t\000h\000e\000\040\000I\000n\000v\000o\000l\000u\000t\000i\000o\000n}{}% 429
\BOOKMARK [1][-]{section.181}{\376\377\000L\000e\000a\000r\000n\000i\000n\000g\000\040\000t\000h\000e\000\040\000I\000n\000v\000o\000l\000u\000t\000i\000o\000n\000\040\000i\000n\000\040\000F\000e\000a\000t\000u\000r\000e\000\040\000S\000p\000a\000c\000e}{}% 430
\BOOKMARK [2][-]{subsection.181.1}{\376\377\000A\000r\000c\000h\000i\000t\000e\000c\000t\000u\000r\000e}{section.181}% 431
\BOOKMARK [2][-]{subsection.181.2}{\376\377\000R\000e\000s\000u\000l\000t\000s}{section.181}% 432
\BOOKMARK [1][-]{section.182}{\376\377\000T\000h\000e\000\040\000N\000e\000c\000e\000s\000s\000i\000t\000y\000\040\000A\000r\000g\000u\000m\000e\000n\000t}{}% 433
\BOOKMARK [2][-]{subsection.182.1}{\376\377\000F\000o\000r\000m\000a\000l\000\040\000S\000t\000a\000t\000e\000m\000e\000n\000t}{section.182}% 434
\BOOKMARK [2][-]{subsection.182.2}{\376\377\000W\000h\000a\000t\000\040\000M\000a\000k\000e\000s\000\040\000T\000h\000i\000s\000\040\000A\000r\000g\000u\000m\000e\000n\000t\000\040\000D\000i\000f\000f\000e\000r\000e\000n\000t\000\040\040\024\000\040\000a\000n\000d\000\040\000I\000t\000s\000\040\000L\000i\000m\000i\000t\000a\000t\000i\000o\000n}{section.182}% 435
\BOOKMARK [1][-]{section.183}{\376\377\000T\000E\000H\000\040\000D\000e\000t\000e\000c\000t\000i\000o\000n\000\040\000R\000e\000s\000u\000l\000t\000s}{}% 436
\BOOKMARK [2][-]{subsection.183.1}{\376\377\000D\000e\000t\000e\000c\000t\000i\000o\000n\000\040\000P\000e\000r\000f\000o\000r\000m\000a\000n\000c\000e}{section.183}% 437
\BOOKMARK [1][-]{section.184}{\376\377\000T\000h\000e\000\040\000F\000a\000i\000t\000h\000f\000u\000l\000n\000e\000s\000s\000\040\000G\000a\000p}{}% 438
\BOOKMARK [2][-]{subsection.184.1}{\376\377\000W\000h\000a\000t\000\040\000F\000a\000i\000t\000h\000f\000u\000l\000n\000e\000s\000s\000\040\000M\000e\000a\000n\000s}{section.184}% 439
\BOOKMARK [2][-]{subsection.184.2}{\376\377\000C\000u\000r\000r\000e\000n\000t\000\040\000E\000v\000i\000d\000e\000n\000c\000e}{section.184}% 440
\BOOKMARK [2][-]{subsection.184.3}{\376\377\000W\000h\000a\000t\000\040\000I\000s\000\040\000N\000e\000e\000d\000e\000d}{section.184}% 441
\BOOKMARK [1][-]{section.185}{\376\377\000I\000m\000p\000l\000e\000m\000e\000n\000t\000a\000t\000i\000o\000n}{}% 442
\BOOKMARK [1][-]{section.186}{\376\377\000C\000o\000n\000n\000e\000c\000t\000i\000o\000n\000\040\000t\000o\000\040\000t\000h\000e\000\040\000G\000e\000o\000m\000e\000t\000r\000i\000c\000\040\000J\000u\000r\000y}{}% 443
\BOOKMARK [2][-]{subsection.186.1}{\376\377\000U\000p\000d\000a\000t\000e\000d\000\040\000E\000v\000i\000d\000e\000n\000c\000e\000\040\000\050\000M\000a\000y\000\040\0002\0000\0002\0006\000\051}{section.186}% 444
\BOOKMARK [1][-]{section.187}{\376\377\000P\000a\000p\000e\000r\000\040\000X\000V\000I\000I\000I\000:\000\040\000T\000h\000e\000\040\000B\000r\000i\000d\000g\000e\000\040\000P\000r\000o\000t\000o\000c\000o\000l}{}% 445
\BOOKMARK [1][-]{section.188}{\376\377\000I\000n\000t\000r\000o\000d\000u\000c\000t\000i\000o\000n\000:\000\040\000A\000\040\000G\000e\000o\000m\000e\000t\000r\000i\000c\000\040\000V\000i\000s\000u\000a\000l\000i\000s\000a\000t\000i\000o\000n\000\040\000o\000f\000\040\000Z\0002\000\040\000S\000y\000m\000m\000e\000t\000r\000y}{}% 446
\BOOKMARK [1][-]{section.189}{\376\377\000T\000h\000e\000\040\0005\000-\000S\000t\000e\000p\000\040\000P\000i\000p\000e\000l\000i\000n\000e}{}% 447
\BOOKMARK [2][-]{subsection.189.1}{\376\377\000S\000t\000e\000p\000\040\0001\000:\000\040\000A\000G\000T\000\040\000D\000e\000t\000e\000c\000t}{section.189}% 448
\BOOKMARK [2][-]{subsection.189.2}{\376\377\000S\000t\000e\000p\000\040\0002\000:\000\040\000A\000C\000M\000\040\000C\000o\000n\000s\000i\000s\000t\000e\000n\000c\000y\000\040\000C\000h\000e\000c\000k}{section.189}% 449
\BOOKMARK [2][-]{subsection.189.3}{\376\377\000S\000t\000e\000p\000\040\0003\000:\000\040\000S\000a\000f\000e\000\040\000O\000G\000D\000\040\000E\000x\000p\000l\000o\000r\000e}{section.189}% 450
\BOOKMARK [2][-]{subsection.189.4}{\376\377\000S\000t\000e\000p\000\040\0004\000:\000\040\000T\000E\000H\000\040\000E\000x\000c\000l\000u\000d\000e}{section.189}% 451
\BOOKMARK [2][-]{subsection.189.5}{\376\377\000S\000t\000e\000p\000\040\0005\000:\000\040\000C\000o\000n\000t\000r\000a\000d\000i\000c\000t\000i\000o\000n\000\040\000C\000l\000o\000s\000e\000s}{section.189}% 452
\BOOKMARK [1][-]{section.190}{\376\377\000P\000r\000o\000t\000o\000c\000o\000l\000\040\000V\000a\000l\000i\000d\000a\000t\000i\000o\000n}{}% 453
\BOOKMARK [2][-]{subsection.190.1}{\376\377\0001\0000\0005\000-\000Z\000e\000r\000o\000\040\000T\000e\000s\000t}{section.190}% 454
\BOOKMARK [2][-]{subsection.190.2}{\376\377\000M\000e\000t\000a\000-\000J\000u\000r\000y\000\040\000V\000a\000l\000i\000d\000a\000t\000i\000o\000n\000\040\000\050\0003\000,\0007\0001\0003\000\040\000P\000o\000i\000n\000t\000s\000\051}{section.190}% 455
\BOOKMARK [1][-]{section.191}{\376\377\000T\000h\000e\000\040\000E\000x\000p\000l\000i\000c\000i\000t\000\040\000F\000o\000r\000m\000u\000l\000a\000\040\000B\000r\000i\000d\000g\000e}{}% 456
\BOOKMARK [2][-]{subsection.191.1}{\376\377\000W\000h\000a\000t\000\040\000t\000h\000e\000\040\000R\000e\000m\000a\000i\000n\000i\000n\000g\000\040\000S\000t\000e\000p\000\040\000A\000c\000t\000u\000a\000l\000l\000y\000\040\000I\000s}{section.191}% 457
\BOOKMARK [2][-]{subsection.191.2}{\376\377\000U\000p\000d\000a\000t\000e\000d\000\040\000E\000v\000i\000d\000e\000n\000c\000e\000\040\000\050\000M\000a\000y\000\040\0002\0000\0002\0006\000\051}{section.191}% 458
\BOOKMARK [1][-]{section.192}{\376\377\000L\000i\000m\000i\000t\000a\000t\000i\000o\000n\000s}{}% 459
\BOOKMARK [1][-]{section.193}{\376\377\000I\000m\000p\000l\000e\000m\000e\000n\000t\000a\000t\000i\000o\000n}{}% 460
\BOOKMARK [2][-]{subsection.193.1}{\376\377\000S\000c\000r\000i\000p\000t}{section.193}% 461
\BOOKMARK [2][-]{subsection.193.2}{\376\377\000R\000e\000p\000r\000o\000d\000u\000c\000t\000i\000o\000n}{section.193}% 462
\BOOKMARK [1][-]{section.194}{\376\377\000T\000h\000e\000\040\000G\000e\000o\000m\000e\000t\000r\000i\000c\000\040\000J\000u\000r\000y\000\040\000a\000s\000\040\000U\000n\000i\000f\000y\000i\000n\000g\000\040\000P\000r\000i\000n\000c\000i\000p\000l\000e}{}% 463
\BOOKMARK [1][-]{section*.197}{\376\377\000L\000i\000m\000i\000t\000a\000t\000i\000o\000n\000s}{}% 464
